2009-05-26 13:21:39 Notice: Notice (8): Undefined variable: companies in [APP/views/contracts/edit.ctp, line 15]
2009-05-26 13:23:46 Notice: Notice (8): Undefined variable: companies in [APP/views/contracts/edit.ctp, line 15]
2009-05-26 13:24:20 Notice: Notice (8): Undefined variable: companies in [APP/views/contracts/edit.ctp, line 15]
2009-05-26 13:33:48 Notice: Notice (8): Undefined variable: companies in [APP/views/contracts/edit.ctp, line 15]
2009-05-26 13:41:26 Notice: Notice (8): Undefined variable: companies in [APP/views/contracts/edit.ctp, line 15]
2009-05-26 14:19:28 Notice: Notice (8): Undefined variable: theContracts in [APP/views/elements/contractsList.ctp, line 2]
2009-05-26 14:21:21 Notice: Notice (8): Undefined variable: contracts in [APP/views/contracts/not_paid.ctp, line 7]
2009-05-26 14:32:54 Notice: Notice (8): Undefined property: CompaniesController::$Contract in [APP/controllers/companies_controller.php, line 48]
2009-05-26 14:33:33 Notice: Notice (8): Undefined property: CompaniesController::$Cοmpany in [APP/controllers/companies_controller.php, line 48]
2009-05-27 09:12:51 Notice: Notice (8): Undefined variable: numPaid in [APP/views/elements/tableStatistics.ctp, line 6]
2009-05-27 09:12:51 Notice: Notice (8): Undefined variable: sumPaid in [APP/views/elements/tableStatistics.ctp, line 7]
2009-05-27 09:12:51 Notice: Notice (8): Undefined variable: numOwed in [APP/views/elements/tableStatistics.ctp, line 11]
2009-05-27 09:12:51 Notice: Notice (8): Undefined variable: sumOwed in [APP/views/elements/tableStatistics.ctp, line 12]
2009-05-27 09:15:33 Notice: Notice (8): Undefined variable: contracts in [APP/views/contracts/totals.ctp, line 7]
2009-05-27 09:36:45 Notice: Notice (8): Use of undefined constant Session - assumed 'Session' in [APP/controllers/contracts_controller.php, line 99]
2009-05-27 09:47:31 Notice: Notice (8): A session had already been started - ignoring session_start() in [APP/controllers/contracts_controller.php, line 99]
2009-05-27 09:49:09 Notice: Notice (8): Use of undefined constant session_id - assumed 'session_id' in [APP/controllers/contracts_controller.php, line 99]
2009-05-27 13:33:10 Notice: Notice (8): Undefined variable: app in [APP/controllers/contracts_controller.php, line 99]
2009-05-27 13:33:10 Notice: Notice (8): Trying to get property of non-object in [APP/controllers/contracts_controller.php, line 99]
2009-05-27 13:59:30 Notice: Notice (8): Undefined property: ContractsController::$app in [APP/controllers/contracts_controller.php, line 97]
2009-05-27 14:34:23 Notice: Notice (8): Undefined property: ContractsController::$path in [APP/controllers/contracts_controller.php, line 97]
2009-05-29 18:37:55 Notice: Notice (8): Undefined property: ContractsController::$path in [APP/controllers/contracts_controller.php, line 97]
2009-05-29 18:37:55 Notice: Notice (8): Undefined property: ContractsController::$path in [APP/controllers/contracts_controller.php, line 97]
2009-05-30 00:57:40 Notice: Notice (8): Undefined variable: companyId in [APP/controllers/companies_controller.php, line 18]
2009-05-30 00:57:40 Notice: Notice (8): Undefined variable: companyId in [APP/controllers/companies_controller.php, line 18]
2009-05-30 01:05:50 Notice: Notice (8): Undefined index:  telephone in [APP/views/companies/view.ctp, line 8]
2009-05-30 01:10:56 Notice: Notice (8): Undefined variable: companies in [APP/views/contracts/search.ctp, line 15]
2009-05-30 01:11:53 Notice: Notice (8): Undefined variable: contractId in [APP/controllers/contracts_controller.php, line 39]
2009-05-30 01:11:57 Notice: Notice (8): Undefined variable: contractId in [APP/controllers/contracts_controller.php, line 39]
2009-05-30 01:13:31 Notice: Notice (8): Undefined variable: companies in [APP/views/contracts/search.ctp, line 15]
2009-05-30 01:17:00 Notice: Notice (8): Undefined variable: thos in [APP/controllers/contracts_controller.php, line 29]
2009-05-30 01:17:00 Notice: Notice (8): Trying to get property of non-object in [APP/controllers/contracts_controller.php, line 29]
2009-05-30 01:36:45 Notice: Notice (8): Undefined index:  telephone in [APP/views/companies/view.ctp, line 8]
2010-01-25 10:10:15 Notice: Notice (8): Undefined property: OdikiContractsController::$OdikiContracts in [APP/controllers/odiki_contracts_controller.php, line 121]
2010-01-25 10:10:23 Notice: Notice (8): Undefined variable: status in [APP/views/odiki_contracts/is_paid.ctp, line 4]
2010-01-25 10:10:23 Notice: Notice (8): Undefined variable: status in [APP/views/odiki_contracts/is_paid.ctp, line 7]
2010-01-25 10:10:23 Notice: Notice (8): Undefined variable: vehicles in [APP/views/odiki_contracts/is_paid.ctp, line 11]
2010-01-25 10:10:23 Notice: Notice (8): Undefined variable: status in [APP/views/odiki_contracts/is_paid.ctp, line 12]
2010-01-25 10:10:34 Notice: Notice (8): Undefined variable: status in [APP/views/odiki_contracts/is_paid.ctp, line 4]
2010-01-25 10:10:34 Notice: Notice (8): Undefined variable: status in [APP/views/odiki_contracts/is_paid.ctp, line 7]
2010-01-25 10:10:34 Notice: Notice (8): Undefined variable: vehicles in [APP/views/odiki_contracts/is_paid.ctp, line 11]
2010-01-25 10:10:34 Notice: Notice (8): Undefined variable: status in [APP/views/odiki_contracts/is_paid.ctp, line 12]
2010-01-25 10:24:31 Notice: Notice (8): Undefined variable: title in [APP/views/vehicles/get_insurance_contracts_is_paid.ctp, line 7]
2010-01-25 10:38:08 Notice: Notice (8): Undefined variable: status in [APP/controllers/vehicles_controller.php, line 47]
2010-01-25 10:38:08 Notice: Notice (8): Undefined variable: status in [APP/controllers/insurance_contracts_controller.php, line 139]
2010-01-25 10:38:08 Notice: Notice (8): Undefined variable: status in [APP/controllers/vehicles_controller.php, line 58]
2010-01-25 10:38:34 Notice: Notice (8): Use of undefined constant no - assumed 'no' in [APP/controllers/vehicles_controller.php, line 45]
2010-01-25 10:38:55 Notice: Notice (8): Undefined variable: title in [APP/views/vehicles/get_odiki_contracts_is_paid.ctp, line 7]
2010-01-25 10:38:58 Notice: Notice (8): Undefined variable: title in [APP/views/vehicles/get_odiki_contracts_is_paid.ctp, line 7]
2010-01-25 10:40:29 Notice: Notice (8): Undefined variable: id in [APP/controllers/insurance_companies_controller.php, line 37]
2010-01-25 10:40:29 Notice: Notice (8): Undefined variable: id in [APP/controllers/insurance_companies_controller.php, line 37]
2010-01-25 10:43:33 Notice: Notice (8): Undefined variable: code in [CORE/cake/libs/error.php, line 130]
2010-01-25 10:43:33 Notice: Notice (8): Undefined variable: name in [CORE/cake/libs/error.php, line 131]
2010-01-25 10:43:33 Notice: Notice (8): Undefined variable: message in [CORE/cake/libs/error.php, line 132]
2010-01-25 10:43:33 Notice: Notice (8): Undefined variable: code in [CORE/cake/libs/error.php, line 133]
2010-01-25 10:43:33 Notice: Notice (8): Undefined variable: name in [CORE/cake/libs/error.php, line 134]
2010-01-25 10:44:00 Notice: Notice (8): Undefined variable: code in [CORE/cake/libs/error.php, line 130]
2010-01-25 10:44:00 Notice: Notice (8): Undefined variable: name in [CORE/cake/libs/error.php, line 131]
2010-01-25 10:44:00 Notice: Notice (8): Undefined variable: message in [CORE/cake/libs/error.php, line 132]
2010-01-25 10:44:00 Notice: Notice (8): Undefined variable: code in [CORE/cake/libs/error.php, line 133]
2010-01-25 10:44:00 Notice: Notice (8): Undefined variable: name in [CORE/cake/libs/error.php, line 134]
2010-01-25 10:44:00 Notice: Notice (8): Undefined variable: code in [CORE/cake/libs/error.php, line 130]
2010-01-25 10:44:00 Notice: Notice (8): Undefined variable: name in [CORE/cake/libs/error.php, line 131]
2010-01-25 10:44:00 Notice: Notice (8): Undefined variable: message in [CORE/cake/libs/error.php, line 132]
2010-01-25 10:44:00 Notice: Notice (8): Undefined variable: code in [CORE/cake/libs/error.php, line 133]
2010-01-25 10:44:00 Notice: Notice (8): Undefined variable: name in [CORE/cake/libs/error.php, line 134]
2010-01-25 11:45:23 Notice: Notice (8): Undefined variable: title in [APP/views/odiki_contracts/view.ctp, line 8]
2010-01-25 14:26:20 Notice: Notice (8): Undefined variable: vehilces in [APP/views/vehicles/search.ctp, line 18]
2010-01-25 14:26:54 Notice: Notice (8): Undefined variable: vehilces in [APP/views/vehicles/search.ctp, line 18]
2010-01-27 12:37:05 Notice: Notice (8): Undefined variable: logged in [APP/views/users/login.ctp, line 11]
2010-01-27 12:50:23 Notice: Notice (8): Undefined variable: username in [APP/views/elements/header.ctp, line 40]
2010-01-27 12:54:47 Notice: Notice (8): Undefined property: View::$Session in [APP/views/pages/home.ctp, line 14]
2010-01-27 12:54:52 Notice: Notice (8): Undefined property: View::$session in [APP/views/pages/home.ctp, line 14]
2010-01-27 13:05:58 Notice: Notice (8): Undefined variable: username in [APP/views/vehicles/index.ctp, line 3]
2010-01-27 13:17:57 Notice: Notice (8): Undefined variable: username in [APP/views/vehicles/index.ctp, line 3]
2010-01-27 13:33:10 Notice: Notice (8): Undefined variable: return in [APP/controllers/vehicles_controller.php, line 332]
2010-01-27 13:33:10 Notice: Notice (8): Undefined variable: return in [APP/controllers/vehicles_controller.php, line 332]
2010-01-27 13:33:22 Notice: Notice (8): Undefined variable: return in [APP/controllers/vehicles_controller.php, line 332]
2010-01-28 13:32:42 Notice: Notice (8): Undefined variable: plate in [APP/views/images/add.ctp, line 7]
2010-01-28 13:32:42 Notice: Notice (8): Undefined variable: vehicleId in [APP/views/images/add.ctp, line 14]
2010-01-28 13:33:03 Notice: Notice (8): Undefined variable: plate in [APP/views/images/add.ctp, line 7]
2010-01-28 13:33:03 Notice: Notice (8): Undefined variable: vehicleId in [APP/views/images/add.ctp, line 14]
2010-01-28 13:40:31 Notice: Notice (8): Undefined variable: img in [APP/controllers/images_controller.php, line 19]
2010-01-28 14:22:51 Notice: Notice (8): Undefined index:  name in [APP/controllers/images_controller.php, line 31]
2010-05-15 18:02:37 Notice: Notice (8): Undefined variable: b_areas_select in [/var/www/metathesi/app/views/b_schools/search.ctp, line 21]
2010-05-15 18:02:54 Notice: Notice (8): Undefined index: area_id in [/var/www/metathesi/app/controllers/b_schools_controller.php, line 118]
2010-05-15 18:02:54 Notice: Notice (8): Undefined index: area_id in [/var/www/metathesi/app/controllers/b_schools_controller.php, line 119]
2010-05-15 18:02:54 Notice: Notice (8): Undefined variable: b_areas_select in [/var/www/metathesi/app/views/b_schools/search.ctp, line 21]
2010-05-15 18:03:15 Notice: Notice (8): Undefined variable: b_areas_select in [/var/www/metathesi/app/views/b_schools/search.ctp, line 21]
2010-05-15 18:03:24 Notice: Notice (8): Undefined variable: b_areas_select in [/var/www/metathesi/app/views/b_schools/search.ctp, line 21]
2010-05-15 18:03:30 Notice: Notice (8): Undefined variable: b_areas_select in [/var/www/metathesi/app/views/b_schools/search.ctp, line 21]
2010-05-15 18:03:33 Notice: Notice (8): Undefined variable: b_areas_select in [/var/www/metathesi/app/views/b_schools/search.ctp, line 21]
2010-05-15 18:06:29 Notice: Notice (8): Undefined variable: b_areas in [/var/www/metathesi/app/views/b_schools/search.ctp, line 33]
2010-05-15 18:06:29 Notice: Notice (8): Undefined variable: b_school_types in [/var/www/metathesi/app/views/b_schools/search.ctp, line 34]
2010-05-15 18:06:29 Notice: Notice (8): Undefined variable: provinces in [/var/www/metathesi/app/views/b_schools/search.ctp, line 36]
2010-05-15 18:06:29 Notice: Notice (8): Undefined variable: b_areas in [/var/www/metathesi/app/views/elements/showBSchoolsFull.ctp, line 24]
2010-05-15 18:06:29 Notice: Notice (8): Undefined variable: myArea in [/var/www/metathesi/app/views/elements/showBSchoolsFull.ctp, line 78]
2010-05-15 18:06:29 Notice: Notice (8): Undefined variable: myProvinces in [/var/www/metathesi/app/views/elements/showBSchoolsFull.ctp, line 79]
2010-05-15 18:14:34 Notice: Notice (8): Undefined index: BSchool in [/var/www/metathesi/app/controllers/a_schools_controller.php, line 86]
2010-05-15 18:17:28 Notice: Notice (8): Undefined index: ASchool in [/var/www/metathesi/app/controllers/a_schools_controller.php, line 98]
2010-05-15 18:17:28 Notice: Notice (8): Undefined index: ASchool in [/var/www/metathesi/app/controllers/a_schools_controller.php, line 101]
2010-05-15 18:17:28 Notice: Notice (8): Undefined index: ASchool in [/var/www/metathesi/app/controllers/a_schools_controller.php, line 103]
2010-05-15 18:17:28 Notice: Notice (8): Undefined index: ASchool in [/var/www/metathesi/app/controllers/a_schools_controller.php, line 104]
2010-05-15 18:17:28 Notice: Notice (8): Undefined index: ASchool in [/var/www/metathesi/app/controllers/a_schools_controller.php, line 98]
2010-05-15 18:17:28 Notice: Notice (8): Undefined index: ASchool in [/var/www/metathesi/app/controllers/a_schools_controller.php, line 101]
2010-05-15 18:17:28 Notice: Notice (8): Undefined index: ASchool in [/var/www/metathesi/app/controllers/a_schools_controller.php, line 103]
2010-05-15 18:17:28 Notice: Notice (8): Undefined index: ASchool in [/var/www/metathesi/app/controllers/a_schools_controller.php, line 104]
2010-05-15 21:28:49 Notice: Notice (8): Undefined variable: conditions in [/var/www/metathesi/app/controllers/a_bases_controller.php, line 43]
2010-05-15 21:28:49 Notice: Notice (8): Undefined variable: aspec in [/var/www/metathesi/app/views/a_bases/search.ctp, line 49]
2010-05-15 21:28:49 Notice: Notice (8): Undefined variable: aspec in [/var/www/metathesi/app/views/a_bases/search.ctp, line 51]
2010-05-15 21:28:49 Notice: Notice (8): Undefined variable: aspec in [/var/www/metathesi/app/views/a_bases/search.ctp, line 49]
2010-05-15 21:28:49 Notice: Notice (8): Undefined variable: aspec in [/var/www/metathesi/app/views/a_bases/search.ctp, line 51]
2010-05-15 21:28:49 Notice: Notice (8): Undefined variable: aspec in [/var/www/metathesi/app/views/a_bases/search.ctp, line 49]
2010-05-15 21:28:49 Notice: Notice (8): Undefined variable: aspec in [/var/www/metathesi/app/views/a_bases/search.ctp, line 51]
2010-05-15 21:28:49 Notice: Notice (8): Undefined variable: aspec in [/var/www/metathesi/app/views/a_bases/search.ctp, line 49]
2010-05-15 21:28:49 Notice: Notice (8): Undefined variable: aspec in [/var/www/metathesi/app/views/a_bases/search.ctp, line 51]
2010-05-15 21:28:49 Notice: Notice (8): Undefined variable: aspec in [/var/www/metathesi/app/views/a_bases/search.ctp, line 49]
2010-05-15 21:28:49 Notice: Notice (8): Undefined variable: aspec in [/var/www/metathesi/app/views/a_bases/search.ctp, line 51]
2010-05-15 21:28:49 Notice: Notice (8): Undefined variable: aspec in [/var/www/metathesi/app/views/a_bases/search.ctp, line 49]
2010-05-15 21:28:49 Notice: Notice (8): Undefined variable: aspec in [/var/www/metathesi/app/views/a_bases/search.ctp, line 51]
2010-05-15 21:28:49 Notice: Notice (8): Undefined variable: aspec in [/var/www/metathesi/app/views/a_bases/search.ctp, line 49]
2010-05-15 21:28:49 Notice: Notice (8): Undefined variable: aspec in [/var/www/metathesi/app/views/a_bases/search.ctp, line 51]
2010-05-15 21:28:49 Notice: Notice (8): Undefined variable: aspec in [/var/www/metathesi/app/views/a_bases/search.ctp, line 49]
2010-05-15 21:28:49 Notice: Notice (8): Undefined variable: aspec in [/var/www/metathesi/app/views/a_bases/search.ctp, line 51]
2010-05-15 21:28:49 Notice: Notice (8): Undefined variable: aspec in [/var/www/metathesi/app/views/a_bases/search.ctp, line 49]
2010-05-15 21:28:49 Notice: Notice (8): Undefined variable: aspec in [/var/www/metathesi/app/views/a_bases/search.ctp, line 51]
2010-05-15 21:28:49 Notice: Notice (8): Undefined variable: aspec in [/var/www/metathesi/app/views/a_bases/search.ctp, line 49]
2010-05-15 21:28:49 Notice: Notice (8): Undefined variable: aspec in [/var/www/metathesi/app/views/a_bases/search.ctp, line 51]
2010-05-15 21:28:49 Notice: Notice (8): Undefined variable: aspec in [/var/www/metathesi/app/views/a_bases/search.ctp, line 49]
2010-05-15 21:28:49 Notice: Notice (8): Undefined variable: aspec in [/var/www/metathesi/app/views/a_bases/search.ctp, line 51]
2010-05-15 21:28:49 Notice: Notice (8): Undefined variable: aspec in [/var/www/metathesi/app/views/a_bases/search.ctp, line 49]
2010-05-15 21:28:49 Notice: Notice (8): Undefined variable: aspec in [/var/www/metathesi/app/views/a_bases/search.ctp, line 51]
2010-05-15 21:28:49 Notice: Notice (8): Undefined variable: aspec in [/var/www/metathesi/app/views/a_bases/search.ctp, line 49]
2010-05-15 21:28:49 Notice: Notice (8): Undefined variable: aspec in [/var/www/metathesi/app/views/a_bases/search.ctp, line 51]
2010-05-15 21:28:49 Notice: Notice (8): Undefined variable: aspec in [/var/www/metathesi/app/views/a_bases/search.ctp, line 49]
2010-05-15 21:28:49 Notice: Notice (8): Undefined variable: aspec in [/var/www/metathesi/app/views/a_bases/search.ctp, line 51]
2010-05-15 21:28:49 Notice: Notice (8): Undefined variable: aspec in [/var/www/metathesi/app/views/a_bases/search.ctp, line 49]
2010-05-15 21:28:49 Notice: Notice (8): Undefined variable: aspec in [/var/www/metathesi/app/views/a_bases/search.ctp, line 51]
2010-05-15 21:28:49 Notice: Notice (8): Undefined variable: aspec in [/var/www/metathesi/app/views/a_bases/search.ctp, line 49]
2010-05-15 21:28:49 Notice: Notice (8): Undefined variable: aspec in [/var/www/metathesi/app/views/a_bases/search.ctp, line 51]
2010-05-15 21:28:49 Notice: Notice (8): Undefined variable: aspec in [/var/www/metathesi/app/views/a_bases/search.ctp, line 49]
2010-05-15 21:28:49 Notice: Notice (8): Undefined variable: aspec in [/var/www/metathesi/app/views/a_bases/search.ctp, line 51]
2010-05-15 21:28:49 Notice: Notice (8): Undefined variable: aspec in [/var/www/metathesi/app/views/a_bases/search.ctp, line 49]
2010-05-15 21:28:49 Notice: Notice (8): Undefined variable: aspec in [/var/www/metathesi/app/views/a_bases/search.ctp, line 51]
2010-05-15 21:28:49 Notice: Notice (8): Undefined variable: aspec in [/var/www/metathesi/app/views/a_bases/search.ctp, line 49]
2010-05-15 21:28:49 Notice: Notice (8): Undefined variable: aspec in [/var/www/metathesi/app/views/a_bases/search.ctp, line 51]
2010-05-15 21:28:49 Notice: Notice (8): Undefined variable: aspec in [/var/www/metathesi/app/views/a_bases/search.ctp, line 49]
2010-05-15 21:28:49 Notice: Notice (8): Undefined variable: aspec in [/var/www/metathesi/app/views/a_bases/search.ctp, line 51]
2010-05-15 21:28:49 Notice: Notice (8): Undefined variable: aspec in [/var/www/metathesi/app/views/a_bases/search.ctp, line 49]
2010-05-15 21:28:49 Notice: Notice (8): Undefined variable: aspec in [/var/www/metathesi/app/views/a_bases/search.ctp, line 51]
2010-05-15 21:28:49 Notice: Notice (8): Undefined variable: aspec in [/var/www/metathesi/app/views/a_bases/search.ctp, line 49]
2010-05-15 21:28:49 Notice: Notice (8): Undefined variable: aspec in [/var/www/metathesi/app/views/a_bases/search.ctp, line 51]
2010-05-15 21:28:49 Notice: Notice (8): Undefined variable: aspec in [/var/www/metathesi/app/views/a_bases/search.ctp, line 49]
2010-05-15 21:28:49 Notice: Notice (8): Undefined variable: aspec in [/var/www/metathesi/app/views/a_bases/search.ctp, line 51]
2010-05-15 21:28:49 Notice: Notice (8): Undefined variable: aspec in [/var/www/metathesi/app/views/a_bases/search.ctp, line 49]
2010-05-15 21:28:49 Notice: Notice (8): Undefined variable: aspec in [/var/www/metathesi/app/views/a_bases/search.ctp, line 51]
2010-05-15 21:28:49 Notice: Notice (8): Undefined variable: aspec in [/var/www/metathesi/app/views/a_bases/search.ctp, line 49]
2010-05-15 21:28:49 Notice: Notice (8): Undefined variable: aspec in [/var/www/metathesi/app/views/a_bases/search.ctp, line 51]
2010-05-15 21:28:57 Notice: Notice (8): Undefined variable: conditions in [/var/www/metathesi/app/controllers/a_bases_controller.php, line 43]
2010-05-15 21:28:57 Notice: Notice (8): Undefined variable: aspec in [/var/www/metathesi/app/views/a_bases/search.ctp, line 49]
2010-05-15 21:28:57 Notice: Notice (8): Undefined variable: aspec in [/var/www/metathesi/app/views/a_bases/search.ctp, line 51]
2010-05-15 21:28:57 Notice: Notice (8): Undefined variable: aspec in [/var/www/metathesi/app/views/a_bases/search.ctp, line 49]
2010-05-15 21:28:57 Notice: Notice (8): Undefined variable: aspec in [/var/www/metathesi/app/views/a_bases/search.ctp, line 51]
2010-05-15 21:28:57 Notice: Notice (8): Undefined variable: aspec in [/var/www/metathesi/app/views/a_bases/search.ctp, line 49]
2010-05-15 21:28:57 Notice: Notice (8): Undefined variable: aspec in [/var/www/metathesi/app/views/a_bases/search.ctp, line 51]
2010-05-15 21:28:57 Notice: Notice (8): Undefined variable: aspec in [/var/www/metathesi/app/views/a_bases/search.ctp, line 49]
2010-05-15 21:28:57 Notice: Notice (8): Undefined variable: aspec in [/var/www/metathesi/app/views/a_bases/search.ctp, line 51]
2010-05-15 21:28:57 Notice: Notice (8): Undefined variable: aspec in [/var/www/metathesi/app/views/a_bases/search.ctp, line 49]
2010-05-15 21:28:57 Notice: Notice (8): Undefined variable: aspec in [/var/www/metathesi/app/views/a_bases/search.ctp, line 51]
2010-05-15 21:28:57 Notice: Notice (8): Undefined variable: aspec in [/var/www/metathesi/app/views/a_bases/search.ctp, line 49]
2010-05-15 21:28:57 Notice: Notice (8): Undefined variable: aspec in [/var/www/metathesi/app/views/a_bases/search.ctp, line 51]
2010-05-15 21:28:57 Notice: Notice (8): Undefined variable: aspec in [/var/www/metathesi/app/views/a_bases/search.ctp, line 49]
2010-05-15 21:28:57 Notice: Notice (8): Undefined variable: aspec in [/var/www/metathesi/app/views/a_bases/search.ctp, line 51]
2010-05-15 21:28:57 Notice: Notice (8): Undefined variable: aspec in [/var/www/metathesi/app/views/a_bases/search.ctp, line 49]
2010-05-15 21:28:57 Notice: Notice (8): Undefined variable: aspec in [/var/www/metathesi/app/views/a_bases/search.ctp, line 51]
2010-05-15 21:28:57 Notice: Notice (8): Undefined variable: aspec in [/var/www/metathesi/app/views/a_bases/search.ctp, line 49]
2010-05-15 21:28:57 Notice: Notice (8): Undefined variable: aspec in [/var/www/metathesi/app/views/a_bases/search.ctp, line 51]
2010-05-15 21:28:57 Notice: Notice (8): Undefined variable: aspec in [/var/www/metathesi/app/views/a_bases/search.ctp, line 49]
2010-05-15 21:28:57 Notice: Notice (8): Undefined variable: aspec in [/var/www/metathesi/app/views/a_bases/search.ctp, line 51]
2010-05-15 21:28:57 Notice: Notice (8): Undefined variable: aspec in [/var/www/metathesi/app/views/a_bases/search.ctp, line 49]
2010-05-15 21:28:57 Notice: Notice (8): Undefined variable: aspec in [/var/www/metathesi/app/views/a_bases/search.ctp, line 51]
2010-05-15 21:28:57 Notice: Notice (8): Undefined variable: aspec in [/var/www/metathesi/app/views/a_bases/search.ctp, line 49]
2010-05-15 21:28:57 Notice: Notice (8): Undefined variable: aspec in [/var/www/metathesi/app/views/a_bases/search.ctp, line 51]
2010-05-15 21:28:57 Notice: Notice (8): Undefined variable: aspec in [/var/www/metathesi/app/views/a_bases/search.ctp, line 49]
2010-05-15 21:28:57 Notice: Notice (8): Undefined variable: aspec in [/var/www/metathesi/app/views/a_bases/search.ctp, line 51]
2010-05-15 21:28:57 Notice: Notice (8): Undefined variable: aspec in [/var/www/metathesi/app/views/a_bases/search.ctp, line 49]
2010-05-15 21:28:57 Notice: Notice (8): Undefined variable: aspec in [/var/www/metathesi/app/views/a_bases/search.ctp, line 51]
2010-05-15 21:28:57 Notice: Notice (8): Undefined variable: aspec in [/var/www/metathesi/app/views/a_bases/search.ctp, line 49]
2010-05-15 21:28:57 Notice: Notice (8): Undefined variable: aspec in [/var/www/metathesi/app/views/a_bases/search.ctp, line 51]
2010-05-15 21:28:57 Notice: Notice (8): Undefined variable: aspec in [/var/www/metathesi/app/views/a_bases/search.ctp, line 49]
2010-05-15 21:28:57 Notice: Notice (8): Undefined variable: aspec in [/var/www/metathesi/app/views/a_bases/search.ctp, line 51]
2010-05-15 21:28:57 Notice: Notice (8): Undefined variable: aspec in [/var/www/metathesi/app/views/a_bases/search.ctp, line 49]
2010-05-15 21:28:57 Notice: Notice (8): Undefined variable: aspec in [/var/www/metathesi/app/views/a_bases/search.ctp, line 51]
2010-05-15 21:28:57 Notice: Notice (8): Undefined variable: aspec in [/var/www/metathesi/app/views/a_bases/search.ctp, line 49]
2010-05-15 21:28:57 Notice: Notice (8): Undefined variable: aspec in [/var/www/metathesi/app/views/a_bases/search.ctp, line 51]
2010-05-15 21:28:57 Notice: Notice (8): Undefined variable: aspec in [/var/www/metathesi/app/views/a_bases/search.ctp, line 49]
2010-05-15 21:28:57 Notice: Notice (8): Undefined variable: aspec in [/var/www/metathesi/app/views/a_bases/search.ctp, line 51]
2010-05-15 21:28:57 Notice: Notice (8): Undefined variable: aspec in [/var/www/metathesi/app/views/a_bases/search.ctp, line 49]
2010-05-15 21:28:57 Notice: Notice (8): Undefined variable: aspec in [/var/www/metathesi/app/views/a_bases/search.ctp, line 51]
2010-05-15 21:28:57 Notice: Notice (8): Undefined variable: aspec in [/var/www/metathesi/app/views/a_bases/search.ctp, line 49]
2010-05-15 21:28:57 Notice: Notice (8): Undefined variable: aspec in [/var/www/metathesi/app/views/a_bases/search.ctp, line 51]
2010-05-15 21:28:57 Notice: Notice (8): Undefined variable: aspec in [/var/www/metathesi/app/views/a_bases/search.ctp, line 49]
2010-05-15 21:28:57 Notice: Notice (8): Undefined variable: aspec in [/var/www/metathesi/app/views/a_bases/search.ctp, line 51]
2010-05-15 21:28:57 Notice: Notice (8): Undefined variable: aspec in [/var/www/metathesi/app/views/a_bases/search.ctp, line 49]
2010-05-15 21:28:57 Notice: Notice (8): Undefined variable: aspec in [/var/www/metathesi/app/views/a_bases/search.ctp, line 51]
2010-05-15 21:28:57 Notice: Notice (8): Undefined variable: aspec in [/var/www/metathesi/app/views/a_bases/search.ctp, line 49]
2010-05-15 21:28:57 Notice: Notice (8): Undefined variable: aspec in [/var/www/metathesi/app/views/a_bases/search.ctp, line 51]
2010-05-15 21:28:57 Notice: Notice (8): Undefined variable: aspec in [/var/www/metathesi/app/views/a_bases/search.ctp, line 49]
2010-05-15 21:28:57 Notice: Notice (8): Undefined variable: aspec in [/var/www/metathesi/app/views/a_bases/search.ctp, line 51]
2010-05-15 21:29:06 Notice: Notice (8): Undefined variable: aspec in [/var/www/metathesi/app/views/a_bases/search.ctp, line 49]
2010-05-15 21:29:06 Notice: Notice (8): Undefined variable: aspec in [/var/www/metathesi/app/views/a_bases/search.ctp, line 51]
2010-05-15 21:29:06 Notice: Notice (8): Undefined variable: aspec in [/var/www/metathesi/app/views/a_bases/search.ctp, line 49]
2010-05-15 21:29:06 Notice: Notice (8): Undefined variable: aspec in [/var/www/metathesi/app/views/a_bases/search.ctp, line 51]
2010-05-15 21:29:06 Notice: Notice (8): Undefined variable: aspec in [/var/www/metathesi/app/views/a_bases/search.ctp, line 49]
2010-05-15 21:29:06 Notice: Notice (8): Undefined variable: aspec in [/var/www/metathesi/app/views/a_bases/search.ctp, line 51]
2010-05-15 21:29:06 Notice: Notice (8): Undefined variable: aspec in [/var/www/metathesi/app/views/a_bases/search.ctp, line 49]
2010-05-15 21:29:06 Notice: Notice (8): Undefined variable: aspec in [/var/www/metathesi/app/views/a_bases/search.ctp, line 51]
2010-05-15 21:29:06 Notice: Notice (8): Undefined variable: aspec in [/var/www/metathesi/app/views/a_bases/search.ctp, line 49]
2010-05-15 21:29:06 Notice: Notice (8): Undefined variable: aspec in [/var/www/metathesi/app/views/a_bases/search.ctp, line 51]
2010-05-15 21:29:06 Notice: Notice (8): Undefined variable: aspec in [/var/www/metathesi/app/views/a_bases/search.ctp, line 49]
2010-05-15 21:29:06 Notice: Notice (8): Undefined variable: aspec in [/var/www/metathesi/app/views/a_bases/search.ctp, line 51]
2010-05-15 21:29:06 Notice: Notice (8): Undefined variable: aspec in [/var/www/metathesi/app/views/a_bases/search.ctp, line 49]
2010-05-15 21:29:06 Notice: Notice (8): Undefined variable: aspec in [/var/www/metathesi/app/views/a_bases/search.ctp, line 51]
2010-05-15 21:29:06 Notice: Notice (8): Undefined variable: aspec in [/var/www/metathesi/app/views/a_bases/search.ctp, line 49]
2010-05-15 21:29:06 Notice: Notice (8): Undefined variable: aspec in [/var/www/metathesi/app/views/a_bases/search.ctp, line 51]
2010-05-15 21:29:06 Notice: Notice (8): Undefined variable: aspec in [/var/www/metathesi/app/views/a_bases/search.ctp, line 49]
2010-05-15 21:29:06 Notice: Notice (8): Undefined variable: aspec in [/var/www/metathesi/app/views/a_bases/search.ctp, line 51]
2010-05-15 21:29:06 Notice: Notice (8): Undefined variable: aspec in [/var/www/metathesi/app/views/a_bases/search.ctp, line 49]
2010-05-15 21:29:06 Notice: Notice (8): Undefined variable: aspec in [/var/www/metathesi/app/views/a_bases/search.ctp, line 51]
2010-05-15 21:29:06 Notice: Notice (8): Undefined variable: aspec in [/var/www/metathesi/app/views/a_bases/search.ctp, line 49]
2010-05-15 21:29:06 Notice: Notice (8): Undefined variable: aspec in [/var/www/metathesi/app/views/a_bases/search.ctp, line 51]
2010-05-15 21:29:06 Notice: Notice (8): Undefined variable: aspec in [/var/www/metathesi/app/views/a_bases/search.ctp, line 49]
2010-05-15 21:29:06 Notice: Notice (8): Undefined variable: aspec in [/var/www/metathesi/app/views/a_bases/search.ctp, line 51]
2010-05-15 21:29:06 Notice: Notice (8): Undefined variable: aspec in [/var/www/metathesi/app/views/a_bases/search.ctp, line 49]
2010-05-15 21:29:06 Notice: Notice (8): Undefined variable: aspec in [/var/www/metathesi/app/views/a_bases/search.ctp, line 51]
2010-05-15 21:29:06 Notice: Notice (8): Undefined variable: aspec in [/var/www/metathesi/app/views/a_bases/search.ctp, line 49]
2010-05-15 21:29:06 Notice: Notice (8): Undefined variable: aspec in [/var/www/metathesi/app/views/a_bases/search.ctp, line 51]
2010-05-15 21:29:06 Notice: Notice (8): Undefined variable: aspec in [/var/www/metathesi/app/views/a_bases/search.ctp, line 49]
2010-05-15 21:29:06 Notice: Notice (8): Undefined variable: aspec in [/var/www/metathesi/app/views/a_bases/search.ctp, line 51]
2010-05-15 21:29:06 Notice: Notice (8): Undefined variable: aspec in [/var/www/metathesi/app/views/a_bases/search.ctp, line 49]
2010-05-15 21:29:06 Notice: Notice (8): Undefined variable: aspec in [/var/www/metathesi/app/views/a_bases/search.ctp, line 51]
2010-05-15 21:29:06 Notice: Notice (8): Undefined variable: aspec in [/var/www/metathesi/app/views/a_bases/search.ctp, line 49]
2010-05-15 21:29:06 Notice: Notice (8): Undefined variable: aspec in [/var/www/metathesi/app/views/a_bases/search.ctp, line 51]
2010-05-15 21:29:06 Notice: Notice (8): Undefined variable: aspec in [/var/www/metathesi/app/views/a_bases/search.ctp, line 49]
2010-05-15 21:29:06 Notice: Notice (8): Undefined variable: aspec in [/var/www/metathesi/app/views/a_bases/search.ctp, line 51]
2010-05-15 21:29:06 Notice: Notice (8): Undefined variable: aspec in [/var/www/metathesi/app/views/a_bases/search.ctp, line 49]
2010-05-15 21:29:06 Notice: Notice (8): Undefined variable: aspec in [/var/www/metathesi/app/views/a_bases/search.ctp, line 51]
2010-05-15 21:29:06 Notice: Notice (8): Undefined variable: aspec in [/var/www/metathesi/app/views/a_bases/search.ctp, line 49]
2010-05-15 21:29:06 Notice: Notice (8): Undefined variable: aspec in [/var/www/metathesi/app/views/a_bases/search.ctp, line 51]
2010-05-15 21:29:06 Notice: Notice (8): Undefined variable: aspec in [/var/www/metathesi/app/views/a_bases/search.ctp, line 49]
2010-05-15 21:29:06 Notice: Notice (8): Undefined variable: aspec in [/var/www/metathesi/app/views/a_bases/search.ctp, line 51]
2010-05-15 21:29:35 Notice: Notice (8): Undefined variable: aspec in [/var/www/metathesi/app/views/a_bases/search.ctp, line 49]
2010-05-15 21:29:35 Notice: Notice (8): Undefined variable: aspec in [/var/www/metathesi/app/views/a_bases/search.ctp, line 51]
2010-05-15 21:29:35 Notice: Notice (8): Undefined variable: aspec in [/var/www/metathesi/app/views/a_bases/search.ctp, line 49]
2010-05-15 21:29:35 Notice: Notice (8): Undefined variable: aspec in [/var/www/metathesi/app/views/a_bases/search.ctp, line 51]
2010-05-15 21:29:35 Notice: Notice (8): Undefined variable: aspec in [/var/www/metathesi/app/views/a_bases/search.ctp, line 49]
2010-05-15 21:29:35 Notice: Notice (8): Undefined variable: aspec in [/var/www/metathesi/app/views/a_bases/search.ctp, line 51]
2010-05-15 21:29:35 Notice: Notice (8): Undefined variable: aspec in [/var/www/metathesi/app/views/a_bases/search.ctp, line 49]
2010-05-15 21:29:35 Notice: Notice (8): Undefined variable: aspec in [/var/www/metathesi/app/views/a_bases/search.ctp, line 51]
2010-05-15 21:29:35 Notice: Notice (8): Undefined variable: aspec in [/var/www/metathesi/app/views/a_bases/search.ctp, line 49]
2010-05-15 21:29:35 Notice: Notice (8): Undefined variable: aspec in [/var/www/metathesi/app/views/a_bases/search.ctp, line 51]
2010-05-15 21:29:35 Notice: Notice (8): Undefined variable: aspec in [/var/www/metathesi/app/views/a_bases/search.ctp, line 49]
2010-05-15 21:29:35 Notice: Notice (8): Undefined variable: aspec in [/var/www/metathesi/app/views/a_bases/search.ctp, line 51]
2010-05-15 21:29:35 Notice: Notice (8): Undefined variable: aspec in [/var/www/metathesi/app/views/a_bases/search.ctp, line 49]
2010-05-15 21:29:35 Notice: Notice (8): Undefined variable: aspec in [/var/www/metathesi/app/views/a_bases/search.ctp, line 51]
2010-05-15 21:29:35 Notice: Notice (8): Undefined variable: aspec in [/var/www/metathesi/app/views/a_bases/search.ctp, line 49]
2010-05-15 21:29:35 Notice: Notice (8): Undefined variable: aspec in [/var/www/metathesi/app/views/a_bases/search.ctp, line 51]
2010-05-15 21:29:35 Notice: Notice (8): Undefined variable: aspec in [/var/www/metathesi/app/views/a_bases/search.ctp, line 49]
2010-05-15 21:29:35 Notice: Notice (8): Undefined variable: aspec in [/var/www/metathesi/app/views/a_bases/search.ctp, line 51]
2010-05-15 21:29:35 Notice: Notice (8): Undefined variable: aspec in [/var/www/metathesi/app/views/a_bases/search.ctp, line 49]
2010-05-15 21:29:35 Notice: Notice (8): Undefined variable: aspec in [/var/www/metathesi/app/views/a_bases/search.ctp, line 51]
2010-05-15 21:29:35 Notice: Notice (8): Undefined variable: aspec in [/var/www/metathesi/app/views/a_bases/search.ctp, line 49]
2010-05-15 21:29:35 Notice: Notice (8): Undefined variable: aspec in [/var/www/metathesi/app/views/a_bases/search.ctp, line 51]
2010-05-15 21:29:35 Notice: Notice (8): Undefined variable: aspec in [/var/www/metathesi/app/views/a_bases/search.ctp, line 49]
2010-05-15 21:29:35 Notice: Notice (8): Undefined variable: aspec in [/var/www/metathesi/app/views/a_bases/search.ctp, line 51]
2010-05-15 21:29:35 Notice: Notice (8): Undefined variable: aspec in [/var/www/metathesi/app/views/a_bases/search.ctp, line 49]
2010-05-15 21:29:35 Notice: Notice (8): Undefined variable: aspec in [/var/www/metathesi/app/views/a_bases/search.ctp, line 51]
2010-05-15 21:29:35 Notice: Notice (8): Undefined variable: aspec in [/var/www/metathesi/app/views/a_bases/search.ctp, line 49]
2010-05-15 21:29:35 Notice: Notice (8): Undefined variable: aspec in [/var/www/metathesi/app/views/a_bases/search.ctp, line 51]
2010-05-15 21:29:35 Notice: Notice (8): Undefined variable: aspec in [/var/www/metathesi/app/views/a_bases/search.ctp, line 49]
2010-05-15 21:29:35 Notice: Notice (8): Undefined variable: aspec in [/var/www/metathesi/app/views/a_bases/search.ctp, line 51]
2010-05-15 21:29:35 Notice: Notice (8): Undefined variable: aspec in [/var/www/metathesi/app/views/a_bases/search.ctp, line 49]
2010-05-15 21:29:35 Notice: Notice (8): Undefined variable: aspec in [/var/www/metathesi/app/views/a_bases/search.ctp, line 51]
2010-05-15 21:29:35 Notice: Notice (8): Undefined variable: aspec in [/var/www/metathesi/app/views/a_bases/search.ctp, line 49]
2010-05-15 21:29:35 Notice: Notice (8): Undefined variable: aspec in [/var/www/metathesi/app/views/a_bases/search.ctp, line 51]
2010-05-15 21:36:40 Notice: Notice (8): Undefined variable: conditions in [/var/www/metathesi/app/controllers/b_bases_controller.php, line 43]
2010-05-15 21:36:43 Notice: Notice (8): Undefined variable: conditions in [/var/www/metathesi/app/controllers/b_bases_controller.php, line 43]
2010-05-15 21:50:17 Notice: Notice (8): Undefined variable: conditions in [/var/www/metathesi/app/controllers/b_bases_controller.php, line 43]
2010-05-15 21:56:01 Notice: Notice (8): Undefined variable: conditions in [/var/www/metathesi/app/controllers/a_bases_controller.php, line 43]
2010-05-15 21:56:04 Notice: Notice (8): Undefined variable: conditions in [/var/www/metathesi/app/controllers/a_bases_controller.php, line 43]
2010-05-15 22:30:56 Notice: Notice (8): Undefined variable: myFile in [/var/www/metathesi/app/views/pages/home.ctp, line 31]
2010-05-15 22:32:31 Notice: Notice (8): Undefined variable: myFile in [/var/www/metathesi/app/views/pages/home.ctp, line 31]
2010-05-16 17:29:28 Notice: Notice (8): Undefined variable: conditions in [/var/www/metathesi/app/controllers/a_bases_controller.php, line 43]
2010-05-16 17:29:31 Notice: Notice (8): Undefined variable: conditions in [/var/www/metathesi/app/controllers/a_bases_controller.php, line 43]
2010-05-16 17:53:17 Notice: Notice (8): Undefined variable: provinces in [/var/www/metathesi/app/views/elements/showBSchools.ctp, line 34]
2010-05-16 18:57:29 Notice: Notice (8): Undefined variable: conditions in [/var/www/metathesi/app/controllers/a_bases_controller.php, line 43]
2013-01-11 20:17:14 Notice: Notice (8): Undefined variable: bPointsRange in [/var/www/metathesi/app/controllers/provinces_controller.php, line 64]
2013-01-11 20:18:14 Notice: Notice (8): Undefined variable: bPointsRange in [/var/www/metathesi/app/controllers/provinces_controller.php, line 64]
2013-01-11 20:18:17 Notice: Notice (8): Undefined variable: bPointsRange in [/var/www/metathesi/app/controllers/provinces_controller.php, line 64]
2013-01-11 20:18:42 Notice: Notice (8): Undefined variable: mapLink in [/var/www/metathesi/app/views/provinces/show.ctp, line 50]
2013-01-11 20:18:42 Notice: Notice (8): Undefined variable: neighboors in [/var/www/metathesi/app/views/provinces/show.ctp, line 123]
2013-01-11 20:18:42 Notice: Notice (8): Undefined variable: b_schools in [/var/www/metathesi/app/views/provinces/show.ctp, line 142]
2013-01-11 20:18:42 Notice: Notice (8): Undefined variable: region in [/var/www/metathesi/app/views/provinces/show.ctp, line 144]
2013-01-11 20:19:20 Notice: Notice (8): Undefined variable: b_schools in [/var/www/metathesi/app/views/provinces/show.ctp, line 142]
2013-01-11 20:19:30 Notice: Notice (8): Undefined variable: b_schools in [/var/www/metathesi/app/views/provinces/show.ctp, line 96]
2013-01-11 20:20:05 Notice: Notice (8): Undefined variable: b_schools in [/var/www/metathesi/app/views/provinces/show.ctp, line 142]
2013-01-11 20:23:58 Notice: Notice (8): Undefined variable: b_schools in [/var/www/metathesi/app/views/provinces/show.ctp, line 142]
2013-01-11 20:24:19 Notice: Notice (8): Undefined variable: b_schools in [/var/www/metathesi/app/views/provinces/show.ctp, line 142]
2013-01-11 20:24:53 Notice: Notice (8): Undefined variable: b_schools in [/var/www/metathesi/app/views/provinces/show.ctp, line 142]
2013-01-11 20:25:39 Notice: Notice (8): Undefined variable: b_schools in [/var/www/metathesi/app/views/provinces/show.ctp, line 142]
2013-01-11 20:25:44 Notice: Notice (8): Undefined variable: b_schools in [/var/www/metathesi/app/views/provinces/show.ctp, line 142]
2013-01-11 20:26:08 Notice: Notice (8): Undefined variable: b_schools in [/var/www/metathesi/app/views/provinces/show.ctp, line 142]
2013-01-11 20:30:08 Notice: Notice (8): Undefined variable: b_schools in [/var/www/metathesi/app/views/provinces/show.ctp, line 142]
2013-01-11 20:30:15 Notice: Notice (8): Undefined variable: b_schools in [/var/www/metathesi/app/views/provinces/show.ctp, line 142]
2013-01-11 20:30:47 Notice: Notice (8): Undefined variable: b_schools in [/var/www/metathesi/app/views/provinces/show.ctp, line 142]
2013-01-11 20:30:55 Notice: Notice (8): Undefined variable: b_schools in [/var/www/metathesi/app/views/provinces/show.ctp, line 142]
2013-01-11 20:31:08 Notice: Notice (8): Undefined variable: b_schools in [/var/www/metathesi/app/views/provinces/show.ctp, line 142]
2013-01-11 20:42:19 Notice: Notice (8): Undefined variable: b_schools in [/var/www/metathesi/app/views/provinces/show.ctp, line 142]
2013-01-11 20:47:09 Notice: Notice (8): Undefined variable: b_schools in [/var/www/metathesi/app/views/provinces/show.ctp, line 142]
2013-01-11 20:48:09 Notice: Notice (8): Undefined index: ypepth_code in [/var/www/metathesi/app/views/elements/showASchools.ctp, line 29]
2013-01-11 20:48:09 Notice: Notice (8): Undefined index: 21 in [/var/www/metathesi/app/views/elements/showASchools.ctp, line 51]
2013-01-11 20:48:09 Notice: Notice (8): Undefined index: 21 in [/var/www/metathesi/app/views/elements/showASchools.ctp, line 55]
2013-01-11 20:48:59 Notice: Notice (8): Undefined variable: b_schools in [/var/www/metathesi/app/views/provinces/show.ctp, line 142]
2013-01-11 20:49:05 Notice: Notice (8): Undefined variable: b_schools in [/var/www/metathesi/app/views/provinces/show.ctp, line 142]
2013-01-11 20:49:19 Notice: Notice (8): Undefined variable: b_schools in [/var/www/metathesi/app/views/provinces/show.ctp, line 142]
2013-01-11 20:50:05 Notice: Notice (8): Undefined variable: b_schools in [/var/www/metathesi/app/views/provinces/show.ctp, line 142]
2013-01-11 20:50:27 Notice: Notice (8): Undefined variable: b_schools in [/var/www/metathesi/app/views/provinces/show.ctp, line 142]
2013-01-11 21:04:51 Notice: Notice (8): Undefined index: ypepth_code in [/var/www/metathesi/app/views/elements/showASchools.ctp, line 29]
2013-01-11 21:04:51 Notice: Notice (8): Undefined index: 21 in [/var/www/metathesi/app/views/elements/showASchools.ctp, line 51]
2013-01-11 21:04:51 Notice: Notice (8): Undefined index: 21 in [/var/www/metathesi/app/views/elements/showASchools.ctp, line 55]
2013-01-12 17:15:24 Notice: Notice (8): Undefined variable: b_points_range in [/var/www/metathesi/app/views/provinces/show.ctp, line 111]
2013-01-12 17:15:24 Notice: Notice (8): Undefined variable: b_points_range in [/var/www/metathesi/app/views/provinces/show.ctp, line 114]
2013-01-12 17:15:24 Notice: Notice (8): Undefined variable: b_schools in [/var/www/metathesi/app/views/provinces/show.ctp, line 138]
2013-01-12 17:15:35 Notice: Notice (8): Undefined variable: b_points_range in [/var/www/metathesi/app/views/provinces/show.ctp, line 111]
2013-01-12 17:15:35 Notice: Notice (8): Undefined variable: b_points_range in [/var/www/metathesi/app/views/provinces/show.ctp, line 114]
2013-01-12 17:15:35 Notice: Notice (8): Undefined variable: b_schools in [/var/www/metathesi/app/views/provinces/show.ctp, line 138]
2013-01-12 17:17:37 Notice: Notice (8): Undefined variable: b_schools in [/var/www/metathesi/app/views/provinces/show.ctp, line 138]
2013-01-12 17:24:15 Notice: Notice (8): Undefined index: BSpecialty in [/var/www/metathesi/app/views/b_bases/show.ctp, line 56]
2013-01-12 17:39:49 Notice: Notice (8): Undefined variable: final in [/var/www/metathesi/app/controllers/a_areas_controller.php, line 106]
2013-01-12 17:41:55 Notice: Notice (8): Undefined variable: final in [/var/www/metathesi/app/controllers/a_areas_controller.php, line 106]
2013-01-12 17:41:55 Notice: Notice (8): Undefined variable: title in [/var/www/metathesi/app/views/a_areas/get_description_list.ctp, line 26]
2013-01-12 17:42:09 Notice: Notice (8): Undefined variable: final in [/var/www/metathesi/app/controllers/a_areas_controller.php, line 106]
2013-01-12 17:45:52 Notice: Notice (8): Undefined variable: line in [/var/www/metathesi/app/views/a_areas/get_description_list.ctp, line 29]
2013-01-12 17:46:33 Notice: Notice (8): Undefined offset: 0 in [/var/www/metathesi/app/views/a_areas/get_description_list.ctp, line 31]
2013-01-12 17:46:35 Notice: Notice (8): Undefined offset: 0 in [/var/www/metathesi/app/views/a_areas/get_description_list.ctp, line 31]
2013-01-12 17:46:40 Notice: Notice (8): Undefined offset: 1 in [/var/www/metathesi/app/views/a_areas/get_description_list.ctp, line 31]
2013-01-12 17:46:41 Notice: Notice (8): Undefined offset: 1 in [/var/www/metathesi/app/views/a_areas/get_description_list.ctp, line 31]
2013-01-12 17:46:46 Notice: Notice (8): Undefined offset: 2 in [/var/www/metathesi/app/views/a_areas/get_description_list.ctp, line 31]
2013-01-12 17:46:54 Notice: Notice (8): Undefined offset: 0 in [/var/www/metathesi/app/views/a_areas/get_description_list.ctp, line 31]
2013-01-12 17:51:45 Notice: Notice (8): Undefined variable: javascript in [/var/www/metathesi/app/views/a_areas/get_description_list.ctp, line 5]
2013-01-12 18:19:41 Notice: Notice (8): Undefined index: BArea in [/var/www/metathesi/app/controllers/a_areas_controller.php, line 92]
2013-01-12 18:19:41 Notice: Notice (8): Undefined index:  in [/var/www/metathesi/app/controllers/a_areas_controller.php, line 92]
2013-01-12 18:19:41 Notice: Notice (8): Undefined index: BArea in [/var/www/metathesi/app/controllers/a_areas_controller.php, line 97]
2013-01-12 18:19:41 Notice: Notice (8): Undefined index:  in [/var/www/metathesi/app/controllers/a_areas_controller.php, line 97]
2013-01-12 18:30:03 Notice: Notice (8): Undefined index: ypepth_code in [/var/www/metathesi/app/views/elements/showASchools.ctp, line 29]
2013-01-12 18:41:53 Notice: Notice (8): Undefined variable: a_areas in [/var/www/metathesi/app/views/provinces/show.ctp, line 60]
2013-01-12 18:41:53 Notice: Notice (8): Undefined variable: a_schools in [/var/www/metathesi/app/views/provinces/show.ctp, line 91]
2013-01-12 18:42:04 Notice: Notice (8): Undefined variable: a_areas in [/var/www/metathesi/app/views/provinces/show.ctp, line 60]
2013-01-12 18:42:04 Notice: Notice (8): Undefined variable: a_schools in [/var/www/metathesi/app/views/provinces/show.ctp, line 91]
2013-01-12 18:43:17 Notice: Notice (8): Undefined variable: a_points_range in [/var/www/metathesi/app/views/provinces/show.ctp, line 67]
2013-01-12 18:43:17 Notice: Notice (8): Undefined variable: a_points_range in [/var/www/metathesi/app/views/provinces/show.ctp, line 70]
2013-01-12 18:43:17 Notice: Notice (8): Undefined variable: a_schools in [/var/www/metathesi/app/views/provinces/show.ctp, line 91]
2013-01-12 18:43:26 Notice: Notice (8): Undefined variable: a_points_range in [/var/www/metathesi/app/views/provinces/show.ctp, line 67]
2013-01-12 18:43:26 Notice: Notice (8): Undefined variable: a_points_range in [/var/www/metathesi/app/views/provinces/show.ctp, line 70]
2013-01-12 18:43:26 Notice: Notice (8): Undefined variable: a_schools in [/var/www/metathesi/app/views/provinces/show.ctp, line 91]
2013-01-12 18:43:43 Notice: Notice (8): Undefined variable: a_points_range in [/var/www/metathesi/app/views/provinces/show.ctp, line 67]
2013-01-12 18:43:43 Notice: Notice (8): Undefined variable: a_points_range in [/var/www/metathesi/app/views/provinces/show.ctp, line 70]
2013-01-12 18:43:43 Notice: Notice (8): Undefined variable: a_schools in [/var/www/metathesi/app/views/provinces/show.ctp, line 91]
2013-01-12 18:43:48 Notice: Notice (8): Undefined variable: a_points_range in [/var/www/metathesi/app/views/provinces/show.ctp, line 67]
2013-01-12 18:43:48 Notice: Notice (8): Undefined variable: a_points_range in [/var/www/metathesi/app/views/provinces/show.ctp, line 70]
2013-01-12 18:43:48 Notice: Notice (8): Undefined variable: a_schools in [/var/www/metathesi/app/views/provinces/show.ctp, line 91]
2013-01-12 18:44:40 Notice: Notice (8): Undefined variable: b_points_range in [/var/www/metathesi/app/views/provinces/show.ctp, line 113]
2013-01-12 18:44:40 Notice: Notice (8): Undefined variable: b_points_range in [/var/www/metathesi/app/views/provinces/show.ctp, line 116]
2013-01-12 18:44:40 Notice: Notice (8): Undefined variable: b_schools in [/var/www/metathesi/app/views/provinces/show.ctp, line 140]
2013-01-12 18:45:18 Notice: Notice (8): Undefined variable: a_points_range in [/var/www/metathesi/app/views/provinces/show.ctp, line 67]
2013-01-12 18:45:19 Notice: Notice (8): Undefined variable: a_points_range in [/var/www/metathesi/app/views/provinces/show.ctp, line 70]
2013-01-12 18:45:19 Notice: Notice (8): Undefined variable: a_schools in [/var/www/metathesi/app/views/provinces/show.ctp, line 91]
2013-01-12 18:45:45 Notice: Notice (8): Undefined variable: a_points_range in [/var/www/metathesi/app/views/provinces/show.ctp, line 67]
2013-01-12 18:45:45 Notice: Notice (8): Undefined variable: a_points_range in [/var/www/metathesi/app/views/provinces/show.ctp, line 70]
2013-01-12 18:45:45 Notice: Notice (8): Undefined variable: a_schools in [/var/www/metathesi/app/views/provinces/show.ctp, line 91]
2013-01-12 18:46:07 Notice: Notice (8): Undefined variable: a_points_range in [/var/www/metathesi/app/views/provinces/show.ctp, line 67]
2013-01-12 18:46:07 Notice: Notice (8): Undefined variable: a_points_range in [/var/www/metathesi/app/views/provinces/show.ctp, line 70]
2013-01-12 18:46:07 Notice: Notice (8): Undefined variable: a_schools in [/var/www/metathesi/app/views/provinces/show.ctp, line 91]
2013-01-12 18:46:14 Notice: Notice (8): Undefined variable: a_points_range in [/var/www/metathesi/app/views/provinces/show.ctp, line 67]
2013-01-12 18:46:14 Notice: Notice (8): Undefined variable: a_points_range in [/var/www/metathesi/app/views/provinces/show.ctp, line 70]
2013-01-12 18:46:14 Notice: Notice (8): Undefined variable: a_schools in [/var/www/metathesi/app/views/provinces/show.ctp, line 91]
2013-01-12 18:47:02 Notice: Notice (8): Undefined variable: a_points_range in [/var/www/metathesi/app/views/provinces/show.ctp, line 70]
2013-01-12 18:47:02 Notice: Notice (8): Undefined variable: a_points_range in [/var/www/metathesi/app/views/provinces/show.ctp, line 73]
2013-01-12 18:47:02 Notice: Notice (8): Undefined variable: a_schools in [/var/www/metathesi/app/views/provinces/show.ctp, line 94]
2013-01-12 18:47:06 Notice: Notice (8): Undefined variable: a_points_range in [/var/www/metathesi/app/views/provinces/show.ctp, line 70]
2013-01-12 18:47:06 Notice: Notice (8): Undefined variable: a_points_range in [/var/www/metathesi/app/views/provinces/show.ctp, line 73]
2013-01-12 18:47:06 Notice: Notice (8): Undefined variable: a_schools in [/var/www/metathesi/app/views/provinces/show.ctp, line 94]
2013-01-12 18:48:01 Notice: Notice (8): Undefined variable: a_points_range in [/var/www/metathesi/app/views/provinces/show.ctp, line 70]
2013-01-12 18:48:01 Notice: Notice (8): Undefined variable: a_points_range in [/var/www/metathesi/app/views/provinces/show.ctp, line 73]
2013-01-12 18:48:01 Notice: Notice (8): Undefined variable: a_schools in [/var/www/metathesi/app/views/provinces/show.ctp, line 94]
2013-01-12 18:49:26 Notice: Notice (8): Undefined variable: a_points_range in [/var/www/metathesi/app/views/provinces/show.ctp, line 70]
2013-01-12 18:49:26 Notice: Notice (8): Undefined variable: a_points_range in [/var/www/metathesi/app/views/provinces/show.ctp, line 73]
2013-01-12 18:49:26 Notice: Notice (8): Undefined variable: a_schools in [/var/www/metathesi/app/views/provinces/show.ctp, line 94]
2013-01-12 18:49:27 Notice: Notice (8): Undefined variable: a_points_range in [/var/www/metathesi/app/views/provinces/show.ctp, line 70]
2013-01-12 18:49:27 Notice: Notice (8): Undefined variable: a_points_range in [/var/www/metathesi/app/views/provinces/show.ctp, line 73]
2013-01-12 18:49:27 Notice: Notice (8): Undefined variable: a_schools in [/var/www/metathesi/app/views/provinces/show.ctp, line 94]
2013-01-12 18:50:19 Notice: Notice (8): Undefined variable: a_points_range in [/var/www/metathesi/app/views/provinces/show.ctp, line 68]
2013-01-12 18:50:19 Notice: Notice (8): Undefined variable: a_points_range in [/var/www/metathesi/app/views/provinces/show.ctp, line 71]
2013-01-12 18:50:19 Notice: Notice (8): Undefined variable: a_schools in [/var/www/metathesi/app/views/provinces/show.ctp, line 92]
2013-01-12 18:50:32 Notice: Notice (8): Undefined variable: a_points_range in [/var/www/metathesi/app/views/provinces/show.ctp, line 68]
2013-01-12 18:50:32 Notice: Notice (8): Undefined variable: a_points_range in [/var/www/metathesi/app/views/provinces/show.ctp, line 71]
2013-01-12 18:50:32 Notice: Notice (8): Undefined variable: a_schools in [/var/www/metathesi/app/views/provinces/show.ctp, line 92]
2013-01-12 18:50:54 Notice: Notice (8): Undefined variable: a_points_range in [/var/www/metathesi/app/views/provinces/show.ctp, line 68]
2013-01-12 18:50:54 Notice: Notice (8): Undefined variable: a_points_range in [/var/www/metathesi/app/views/provinces/show.ctp, line 71]
2013-01-12 18:50:54 Notice: Notice (8): Undefined variable: a_schools in [/var/www/metathesi/app/views/provinces/show.ctp, line 92]
2013-01-12 18:51:12 Notice: Notice (8): Undefined variable: a_points_range in [/var/www/metathesi/app/views/provinces/show.ctp, line 69]
2013-01-12 18:51:12 Notice: Notice (8): Undefined variable: a_points_range in [/var/www/metathesi/app/views/provinces/show.ctp, line 72]
2013-01-12 18:51:12 Notice: Notice (8): Undefined variable: a_schools in [/var/www/metathesi/app/views/provinces/show.ctp, line 93]
2013-01-12 18:52:41 Notice: Notice (8): Undefined variable: a_schools in [/var/www/metathesi/app/views/provinces/show.ctp, line 85]
2013-01-12 18:52:48 Notice: Notice (8): Undefined variable: a_schools in [/var/www/metathesi/app/views/provinces/show.ctp, line 84]
2013-01-12 19:20:44 Notice: Notice (8): Undefined index: BSpecialty in [/var/www/metathesi/app/views/b_bases/show.ctp, line 56]
2013-01-13 23:41:15 Notice: Notice (8): Undefined variable: a_m in [/var/www/metathesi/app/views/provinces/show.ctp, line 46]
2013-01-13 23:41:46 Notice: Notice (8): Undefined variable: a_mun in [/var/www/metathesi/app/views/provinces/show.ctp, line 46]
2013-01-13 23:42:02 Notice: Notice (8): Undefined variable: a_mun in [/var/www/metathesi/app/views/provinces/show.ctp, line 46]
2013-01-14 21:35:13 Notice: Notice (8): Undefined index: Municipality in [/var/www/metathesi/app/views/provinces/show.ctp, line 66]
2013-01-14 21:43:13 Notice: Notice (8): Undefined index: Municipality in [/var/www/metathesi/app/views/provinces/show.ctp, line 66]
2013-01-14 21:43:48 Notice: Notice (8): Undefined variable: mun in [/var/www/metathesi/app/views/provinces/show.ctp, line 65]
2013-01-14 21:48:07 Notice: Notice (8): Undefined index: Municipality in [/var/www/metathesi/app/views/provinces/show.ctp, line 67]
2013-01-14 21:49:17 Notice: Notice (8): Undefined index: Municipality in [/var/www/metathesi/app/views/provinces/show.ctp, line 67]
2013-01-14 21:50:29 Notice: Notice (8): Undefined offset: 0 in [/var/www/metathesi/app/views/provinces/show.ctp, line 68]
2013-01-14 21:51:48 Notice: Notice (8): Undefined offset: 1 in [/var/www/metathesi/app/views/provinces/show.ctp, line 69]
2013-01-14 21:52:09 Notice: Notice (8): Undefined offset: 1 in [/var/www/metathesi/app/views/provinces/show.ctp, line 69]
2013-01-14 22:18:16 Notice: Notice (8): Undefined index: BSpecialty in [/var/www/metathesi/app/views/b_bases/show.ctp, line 56]
2013-01-14 22:20:23 Notice: Notice (8): Undefined index: ypepth_code in [/var/www/metathesi/app/views/elements/showASchoolsFull.ctp, line 26]
2013-01-21 14:14:19 Notice: Notice (8): Undefined index: Province in [/var/www/metathesi/app/controllers/provinces_controller.php, line 57]
2013-01-21 14:14:19 Notice: Notice (8): Undefined variable: id in [/var/www/metathesi/app/controllers/a_areas_controller.php, line 17]
2013-01-21 14:14:19 Notice: Notice (8): Undefined index: Province in [/var/www/metathesi/app/controllers/provinces_controller.php, line 59]
2013-01-21 14:14:19 Notice: Notice (8): Undefined variable: id in [/var/www/metathesi/app/controllers/b_areas_controller.php, line 53]
2013-01-21 14:14:19 Notice: Notice (8): Undefined variable: b_m in [/var/www/metathesi/app/controllers/provinces_controller.php, line 73]
2013-01-21 14:14:19 Notice: Notice (8): Undefined index: Province in [/var/www/metathesi/app/controllers/provinces_controller.php, line 77]
2013-01-21 14:14:19 Notice: Notice (8): Undefined variable: id in [/var/www/metathesi/app/controllers/regions_controller.php, line 14]
2013-01-21 14:14:19 Notice: Notice (8): Undefined index: Province in [/var/www/metathesi/app/controllers/provinces_controller.php, line 81]
2013-01-21 14:14:19 Notice: Notice (8): Undefined index: Province in [/var/www/metathesi/app/views/provinces/show.ctp, line 7]
2013-01-21 14:14:19 Notice: Notice (8): Undefined index: Province in [/var/www/metathesi/app/views/provinces/show.ctp, line 8]
2013-01-21 14:14:19 Notice: Notice (8): Undefined index: Province in [/var/www/metathesi/app/views/provinces/show.ctp, line 9]
2013-01-21 14:14:19 Notice: Notice (8): Undefined index: Province in [/var/www/metathesi/app/views/provinces/show.ctp, line 11]
2013-01-21 14:14:19 Notice: Notice (8): Undefined index: Province in [/var/www/metathesi/app/views/provinces/show.ctp, line 13]
2013-01-21 14:14:19 Notice: Notice (8): Undefined index: Province in [/var/www/metathesi/app/views/provinces/show.ctp, line 15]
2013-01-21 14:14:19 Notice: Notice (8): Undefined index: Province in [/var/www/metathesi/app/views/provinces/show.ctp, line 17]
2013-01-21 14:14:19 Notice: Notice (8): Undefined index: Province in [/var/www/metathesi/app/views/provinces/show.ctp, line 19]
2013-01-21 14:14:19 Notice: Notice (8): Undefined index: Province in [/var/www/metathesi/app/views/provinces/show.ctp, line 21]
2013-01-21 14:14:19 Notice: Notice (8): Undefined index: Province in [/var/www/metathesi/app/views/provinces/show.ctp, line 23]
2013-01-21 14:14:19 Notice: Notice (8): Undefined index: Province in [/var/www/metathesi/app/views/provinces/show.ctp, line 25]
2013-01-21 14:14:19 Notice: Notice (8): Undefined index: Province in [/var/www/metathesi/app/views/provinces/show.ctp, line 113]
2013-01-21 14:14:19 Notice: Notice (8): Undefined index: Province in [/var/www/metathesi/app/views/provinces/show.ctp, line 114]
2013-01-21 14:14:19 Notice: Notice (8): Undefined index: Province in [/var/www/metathesi/app/views/provinces/show.ctp, line 115]
2013-01-21 14:34:47 Notice: Notice (8): Undefined variable: conditions in [/var/www/metathesi/app/controllers/b_areas_controller.php, line 66]
2013-01-21 14:35:48 Notice: Notice (8): Undefined variable: conditions in [/var/www/metathesi/app/controllers/b_areas_controller.php, line 66]
2013-01-21 14:40:19 Notice: Notice (8): Undefined variable: i in [/var/www/metathesi/app/views/provinces/show.ctp, line 66]
2013-01-21 14:40:19 Notice: Notice (8): Undefined index:  in [/var/www/metathesi/app/views/provinces/show.ctp, line 66]
2013-01-21 15:01:54 Notice: Notice (8): Undefined index: BSpecialty in [/var/www/metathesi/app/views/b_bases/show.ctp, line 56]
2013-01-21 21:46:55 Notice: Notice (8): Undefined index: 1022 in [/var/www/metathesi/app/views/elements/showASchools.ctp, line 51]
2013-01-21 21:46:55 Notice: Notice (8): Undefined index: 1022 in [/var/www/metathesi/app/views/elements/showASchools.ctp, line 55]
2013-01-22 17:58:27 Notice: Notice (8): Undefined index: BSpecialty in [/var/www/metathesi/app/views/b_bases/show.ctp, line 56]
2013-01-22 17:58:31 Notice: Notice (8): Undefined index: BSpecialty in [/var/www/metathesi/app/views/b_bases/show.ctp, line 56]
2013-01-22 17:58:37 Notice: Notice (8): Undefined index: BSpecialty in [/var/www/metathesi/app/views/b_bases/show.ctp, line 56]
2013-01-22 17:59:35 Notice: Notice (8): Undefined index: BSpecialty in [/var/www/metathesi/app/views/b_bases/show.ctp, line 56]
2013-01-22 18:03:22 Notice: Notice (8): Undefined index: BSpecialty in [/var/www/metathesi/app/views/b_bases/show.ctp, line 56]
2013-01-22 18:13:19 Notice: Notice (8): Undefined variable: title in [/var/www/metathesi/app/views/b_bases/show.ctp, line 12]
2013-01-22 18:13:19 Notice: Notice (8): Undefined variable: title in [/var/www/metathesi/app/views/b_bases/show.ctp, line 22]
2013-01-22 18:13:31 Notice: Notice (8): Undefined variable: title in [/var/www/metathesi/app/views/b_bases/show.ctp, line 12]
2013-01-22 18:13:31 Notice: Notice (8): Undefined variable: title in [/var/www/metathesi/app/views/b_bases/show.ctp, line 22]
2013-01-22 19:03:40 Notice: Notice (8): Undefined variable: values in [/var/www/metathesi/app/views/a_bases/from_specialty.ctp, line 40]
2013-01-22 19:03:40 Notice: Notice (8): Undefined offset: 0 in [/var/www/metathesi/app/views/a_bases/from_specialty.ctp, line 42]
2013-01-22 19:03:40 Notice: Notice (8): Undefined offset: 0 in [/var/www/metathesi/app/views/a_bases/from_specialty.ctp, line 61]
2013-01-22 19:03:40 Notice: Notice (8): Undefined offset: 0 in [/var/www/metathesi/app/views/a_bases/from_specialty.ctp, line 62]
2013-01-22 19:03:40 Notice: Notice (8): Undefined offset: 0 in [/var/www/metathesi/app/views/a_bases/from_specialty.ctp, line 86]
