2009-02-02 14:41:39 Warning: Warning (512): Cache not configured properly. Please check Cache::config(); in APP/config/core.php in [CORE/cake/libs/configure.php, line 660]
2009-02-02 14:42:38 Warning: Warning (512): Cache not configured properly. Please check Cache::config(); in APP/config/core.php in [CORE/cake/libs/configure.php, line 660]
2009-02-02 14:43:05 Warning: Warning (512): Cache not configured properly. Please check Cache::config(); in APP/config/core.php in [CORE/cake/libs/configure.php, line 660]
2009-02-02 14:43:07 Warning: Warning (512): Cache not configured properly. Please check Cache::config(); in APP/config/core.php in [CORE/cake/libs/configure.php, line 660]
2009-02-02 18:18:17 Warning: Warning (512): /var/www/metathesi/app/tmp/cache/ is not writable in [CORE/cake/libs/cache/file.php, line 263]
2009-02-02 18:18:17 Warning: Warning (512): /var/www/metathesi/app/tmp/cache/ is not writable in [CORE/cake/libs/cache/file.php, line 263]
2009-02-02 18:48:39 Warning: Warning (2): Invalid argument supplied for foreach() in [APP/views/provinces/show.ctp, line 29]
2009-02-02 22:17:59 Warning: Warning (2): Missing argument 1 for BAreasController::getDescriptionsFromDideId(), called in /var/www/metathesi/cake/libs/object.php on line 115 and defined in [APP/controllers/b_areas_controller.php, line 24]
2009-02-02 22:18:00 Warning: Warning (2): Missing argument 1 for BAreasController::getDescriptionsFromDideId(), called in /var/www/metathesi/cake/libs/object.php on line 115 and defined in [APP/controllers/b_areas_controller.php, line 24]
2009-02-02 22:23:41 Warning: Warning (2): Missing argument 1 for ProvincesController::getProvinceFromId(), called in /var/www/metathesi/cake/libs/object.php on line 115 and defined in [APP/controllers/provinces_controller.php, line 17]
2009-02-02 22:23:41 Warning: Warning (2): Missing argument 1 for BAreasController::getDescriptionsFromDideId(), called in /var/www/metathesi/cake/libs/object.php on line 115 and defined in [APP/controllers/b_areas_controller.php, line 24]
2009-02-02 22:23:42 Warning: Warning (2): Missing argument 1 for ProvincesController::getProvinceFromId(), called in /var/www/metathesi/cake/libs/object.php on line 115 and defined in [APP/controllers/provinces_controller.php, line 17]
2009-02-02 22:23:42 Warning: Warning (2): Missing argument 1 for BAreasController::getDescriptionsFromDideId(), called in /var/www/metathesi/cake/libs/object.php on line 115 and defined in [APP/controllers/b_areas_controller.php, line 24]
2009-02-02 23:05:14 Warning: Warning (2): Missing argument 1 for AAreasController::getFromDipeId(), called in /var/www/metathesi/cake/libs/object.php on line 115 and defined in [APP/controllers/a_areas_controller.php, line 12]
2009-02-06 20:13:56 Warning: Warning (2): Missing argument 1 for BAreasController::getDescriptionsFromDideId(), called in /var/www/metathesi/cake/libs/object.php on line 115 and defined in [APP/controllers/b_areas_controller.php, line 24]
2009-03-05 19:00:31 Warning: Warning (4096): Object of class Component could not be converted to string in [APP/controllers/b_bases_controller.php, line 14]
2009-03-05 19:00:31 Warning: Warning (4096): Object of class SessionComponent could not be converted to string in [APP/controllers/b_bases_controller.php, line 14]
2009-03-05 19:00:31 Warning: Warning (4096): Object of class AppModel could not be converted to string in [APP/controllers/b_bases_controller.php, line 14]
2009-03-05 19:01:18 Warning: Warning (4096): Object of class Component could not be converted to string in [APP/controllers/b_bases_controller.php, line 14]
2009-03-05 19:01:18 Warning: Warning (4096): Object of class SessionComponent could not be converted to string in [APP/controllers/b_bases_controller.php, line 14]
2009-03-05 19:01:18 Warning: Warning (4096): Object of class AppModel could not be converted to string in [APP/controllers/b_bases_controller.php, line 14]
2009-06-03 12:26:08 Warning: Warning (2): Wrong parameter count for explode() in [APP/controllers/b_areas_controller.php, line 32]
2009-06-03 12:26:37 Warning: Warning (2): Wrong parameter count for explode() in [APP/controllers/b_areas_controller.php, line 32]
2009-06-03 12:41:26 Warning: Warning (2): Missing argument 1 for BSchoolsController::search(), called in /var/www/metathesi/cake/libs/object.php on line 115 and defined in [APP/controllers/b_schools_controller.php, line 76]
2009-06-03 12:41:35 Warning: Warning (2): Missing argument 1 for BSchoolsController::search(), called in /var/www/metathesi/cake/libs/object.php on line 115 and defined in [APP/controllers/b_schools_controller.php, line 76]
2009-06-03 12:41:55 Warning: Warning (2): Missing argument 1 for BSchoolsController::search(), called in /var/www/metathesi/cake/libs/object.php on line 115 and defined in [APP/controllers/b_schools_controller.php, line 76]
2009-06-03 13:38:55 Warning: Warning (2): Missing argument 1 for BSchoolsController::search(), called in /var/www/metathesi/cake/libs/object.php on line 115 and defined in [APP/controllers/b_schools_controller.php, line 76]
2009-06-03 13:55:58 Warning: Warning (2): Missing argument 1 for BSchoolsController::search(), called in /var/www/metathesi/cake/libs/object.php on line 115 and defined in [APP/controllers/b_schools_controller.php, line 76]
2009-06-03 13:57:02 Warning: Warning (2): Missing argument 1 for BSchoolsController::search(), called in /var/www/metathesi/cake/libs/object.php on line 115 and defined in [APP/controllers/b_schools_controller.php, line 76]
2009-06-03 13:57:35 Warning: Warning (2): Missing argument 1 for ProvincesController::getProvinceFromId(), called in /var/www/metathesi/cake/libs/object.php on line 115 and defined in [APP/controllers/provinces_controller.php, line 30]
2009-06-03 13:57:35 Warning: Warning (2): Missing argument 1 for BAreasController::getFromDideId(), called in /var/www/metathesi/cake/libs/object.php on line 115 and defined in [APP/controllers/b_areas_controller.php, line 53]
2009-06-03 13:57:35 Warning: Warning (2): Missing argument 1 for ProvincesController::getRegionIdFromProvinceId(), called in /var/www/metathesi/cake/libs/object.php on line 115 and defined in [APP/controllers/provinces_controller.php, line 34]
2009-06-03 13:57:35 Warning: Warning (2): Missing argument 1 for RegionsController::getRegionFromId(), called in /var/www/metathesi/cake/libs/object.php on line 115 and defined in [APP/controllers/regions_controller.php, line 11]
2009-06-03 13:57:35 Warning: Warning (2): Missing argument 1 for ProvincesController::getProvinceFromId(), called in /var/www/metathesi/cake/libs/object.php on line 115 and defined in [APP/controllers/provinces_controller.php, line 30]
2009-06-03 13:57:35 Warning: Warning (2): Missing argument 1 for BAreasController::getFromDideId(), called in /var/www/metathesi/cake/libs/object.php on line 115 and defined in [APP/controllers/b_areas_controller.php, line 53]
2009-06-03 13:57:35 Warning: Warning (2): Missing argument 1 for ProvincesController::getRegionIdFromProvinceId(), called in /var/www/metathesi/cake/libs/object.php on line 115 and defined in [APP/controllers/provinces_controller.php, line 34]
2009-06-03 13:57:35 Warning: Warning (2): Missing argument 1 for RegionsController::getRegionFromId(), called in /var/www/metathesi/cake/libs/object.php on line 115 and defined in [APP/controllers/regions_controller.php, line 11]
2009-06-03 13:58:26 Warning: Warning (2): Missing argument 1 for BSchoolsController::search(), called in /var/www/metathesi/cake/libs/object.php on line 115 and defined in [APP/controllers/b_schools_controller.php, line 76]
2009-06-03 13:59:05 Warning: Warning (2): Missing argument 1 for BSchoolsController::search(), called in /var/www/metathesi/cake/libs/object.php on line 115 and defined in [APP/controllers/b_schools_controller.php, line 76]
2009-06-03 13:59:16 Warning: Warning (2): Missing argument 1 for BSchoolsController::search(), called in /var/www/metathesi/cake/libs/object.php on line 115 and defined in [APP/controllers/b_schools_controller.php, line 76]
2009-06-03 13:59:21 Warning: Warning (2): Missing argument 1 for BSchoolsController::search(), called in /var/www/metathesi/cake/libs/object.php on line 115 and defined in [APP/controllers/b_schools_controller.php, line 76]
2009-06-03 14:00:11 Warning: Warning (2): Missing argument 1 for BSchoolsController::search(), called in /var/www/metathesi/cake/libs/object.php on line 115 and defined in [APP/controllers/b_schools_controller.php, line 76]
2009-06-03 14:01:04 Warning: Warning (2): Missing argument 1 for BSchoolsController::search(), called in /var/www/metathesi/cake/libs/object.php on line 115 and defined in [APP/controllers/b_schools_controller.php, line 76]
2009-06-03 14:01:12 Warning: Warning (2): Missing argument 1 for BSchoolsController::search(), called in /var/www/metathesi/cake/libs/object.php on line 115 and defined in [APP/controllers/b_schools_controller.php, line 76]
2009-06-03 14:01:22 Warning: Warning (2): Missing argument 1 for BSchoolsController::search(), called in /var/www/metathesi/cake/libs/object.php on line 115 and defined in [APP/controllers/b_schools_controller.php, line 76]
2009-06-03 14:01:25 Warning: Warning (2): Missing argument 1 for BSchoolsController::search(), called in /var/www/metathesi/cake/libs/object.php on line 115 and defined in [APP/controllers/b_schools_controller.php, line 76]
2009-06-03 14:01:29 Warning: Warning (2): Missing argument 1 for BSchoolsController::search(), called in /var/www/metathesi/cake/libs/object.php on line 115 and defined in [APP/controllers/b_schools_controller.php, line 76]
2009-06-03 14:03:02 Warning: Warning (2): Missing argument 1 for BSchoolsController::search(), called in /var/www/metathesi/cake/libs/object.php on line 115 and defined in [APP/controllers/b_schools_controller.php, line 76]
2009-06-03 14:03:29 Warning: Warning (2): Missing argument 1 for BSchoolsController::search(), called in /var/www/metathesi/cake/libs/object.php on line 115 and defined in [APP/controllers/b_schools_controller.php, line 76]
2009-06-03 14:08:07 Warning: Warning (2): Missing argument 1 for BSchoolsController::search(), called in /var/www/metathesi/cake/libs/object.php on line 115 and defined in [APP/controllers/b_schools_controller.php, line 76]
2009-06-03 14:08:15 Warning: Warning (2): Missing argument 1 for BSchoolsController::search(), called in /var/www/metathesi/cake/libs/object.php on line 115 and defined in [APP/controllers/b_schools_controller.php, line 76]
2009-06-03 14:08:20 Warning: Warning (2): Missing argument 1 for BSchoolsController::search(), called in /var/www/metathesi/cake/libs/object.php on line 115 and defined in [APP/controllers/b_schools_controller.php, line 76]
2009-06-03 14:09:36 Warning: Warning (2): Missing argument 1 for BSchoolsController::search(), called in /var/www/metathesi/cake/libs/object.php on line 115 and defined in [APP/controllers/b_schools_controller.php, line 76]
2009-06-03 14:11:04 Warning: Warning (2): Missing argument 1 for BSchoolsController::search(), called in /var/www/metathesi/cake/libs/object.php on line 115 and defined in [APP/controllers/b_schools_controller.php, line 76]
2009-06-03 14:11:44 Warning: Warning (2): Missing argument 1 for BSchoolsController::search(), called in /var/www/metathesi/cake/libs/object.php on line 115 and defined in [APP/controllers/b_schools_controller.php, line 76]
2009-06-03 14:11:53 Warning: Warning (2): Missing argument 1 for BSchoolsController::search(), called in /var/www/metathesi/cake/libs/object.php on line 115 and defined in [APP/controllers/b_schools_controller.php, line 76]
2009-06-03 14:12:50 Warning: Warning (2): Missing argument 1 for BSchoolsController::search(), called in /var/www/metathesi/cake/libs/object.php on line 115 and defined in [APP/controllers/b_schools_controller.php, line 76]
2009-06-03 14:12:50 Warning: Warning (512): <span style = "color:Red;text-align:left"><b>SQL Error:</b> 1054: Unknown column 'BSchool.lastName' in 'where clause'</span> in [CORE/cake/libs/model/datasources/dbo_source.php, line 514]
2009-06-03 14:13:27 Warning: Warning (2): Missing argument 1 for BSchoolsController::search(), called in /var/www/metathesi/cake/libs/object.php on line 115 and defined in [APP/controllers/b_schools_controller.php, line 76]
2009-06-03 14:16:42 Warning: Warning (2): Missing argument 1 for BSchoolsController::search(), called in /var/www/metathesi/cake/libs/object.php on line 115 and defined in [APP/controllers/b_schools_controller.php, line 76]
2009-06-03 14:17:02 Warning: Warning (2): Missing argument 1 for BSchoolsController::search(), called in /var/www/metathesi/cake/libs/object.php on line 115 and defined in [APP/controllers/b_schools_controller.php, line 76]
2009-06-03 14:17:02 Warning: Warning (2): Missing argument 1 for BSchoolsController::search(), called in /var/www/metathesi/cake/libs/object.php on line 115 and defined in [APP/controllers/b_schools_controller.php, line 76]
2009-08-21 11:16:47 Warning: Warning (2): Missing argument 1 for AAreasController::getFromDipeId(), called in /var/www/metathesi/cake/libs/object.php on line 115 and defined in [APP/controllers/a_areas_controller.php, line 17]
2009-08-21 11:16:47 Warning: Warning (2): Missing argument 1 for ASchoolsController::getFromDipeId(), called in /var/www/metathesi/cake/libs/object.php on line 115 and defined in [APP/controllers/a_schools_controller.php, line 31]
2009-08-21 11:16:47 Warning: Warning (2): Missing argument 1 for BAreasController::getFromDideId(), called in /var/www/metathesi/cake/libs/object.php on line 115 and defined in [APP/controllers/b_areas_controller.php, line 53]
2009-08-21 11:16:47 Warning: Warning (2): Missing argument 1 for BSchoolsController::getFromDideId(), called in /var/www/metathesi/cake/libs/object.php on line 115 and defined in [APP/controllers/b_schools_controller.php, line 40]
2009-08-21 11:16:47 Warning: Warning (2): Missing argument 1 for RegionsController::getRegionFromId(), called in /var/www/metathesi/cake/libs/object.php on line 115 and defined in [APP/controllers/regions_controller.php, line 11]
2009-08-21 11:16:47 Warning: Warning (2): Missing argument 1 for AAreasController::getFromDipeId(), called in /var/www/metathesi/cake/libs/object.php on line 115 and defined in [APP/controllers/a_areas_controller.php, line 17]
2009-08-21 11:16:47 Warning: Warning (2): Missing argument 1 for ASchoolsController::getFromDipeId(), called in /var/www/metathesi/cake/libs/object.php on line 115 and defined in [APP/controllers/a_schools_controller.php, line 31]
2009-08-21 11:16:47 Warning: Warning (2): Missing argument 1 for BAreasController::getFromDideId(), called in /var/www/metathesi/cake/libs/object.php on line 115 and defined in [APP/controllers/b_areas_controller.php, line 53]
2009-08-21 11:16:47 Warning: Warning (2): Missing argument 1 for BSchoolsController::getFromDideId(), called in /var/www/metathesi/cake/libs/object.php on line 115 and defined in [APP/controllers/b_schools_controller.php, line 40]
2009-08-21 11:16:47 Warning: Warning (2): Missing argument 1 for RegionsController::getRegionFromId(), called in /var/www/metathesi/cake/libs/object.php on line 115 and defined in [APP/controllers/regions_controller.php, line 11]
2009-08-21 11:37:30 Warning: Warning (2): Missing argument 1 for ProvincesController::show(), called in /var/www/metathesi/cake/libs/object.php on line 115 and defined in [APP/controllers/provinces_controller.php, line 39]
2009-08-21 11:37:30 Warning: Warning (2): Missing argument 1 for AAreasController::getFromDipeId(), called in /var/www/metathesi/cake/libs/object.php on line 115 and defined in [APP/controllers/a_areas_controller.php, line 17]
2009-08-21 11:37:30 Warning: Warning (2): Missing argument 1 for ASchoolsController::getFromDipeId(), called in /var/www/metathesi/cake/libs/object.php on line 115 and defined in [APP/controllers/a_schools_controller.php, line 31]
2009-08-21 11:37:31 Warning: Warning (2): Missing argument 1 for BAreasController::getFromDideId(), called in /var/www/metathesi/cake/libs/object.php on line 115 and defined in [APP/controllers/b_areas_controller.php, line 53]
2009-08-21 11:37:31 Warning: Warning (2): Missing argument 1 for BSchoolsController::getFromDideId(), called in /var/www/metathesi/cake/libs/object.php on line 115 and defined in [APP/controllers/b_schools_controller.php, line 40]
2009-08-21 11:37:31 Warning: Warning (2): Missing argument 1 for RegionsController::getRegionFromId(), called in /var/www/metathesi/cake/libs/object.php on line 115 and defined in [APP/controllers/regions_controller.php, line 11]
2009-08-21 11:42:56 Warning: Warning (2): Missing argument 1 for ProvincesController::getDideAll(), called in /var/www/metathesi/cake/libs/object.php on line 115 and defined in [APP/controllers/provinces_controller.php, line 19]
2009-08-21 11:42:56 Warning: Warning (2): Missing argument 1 for ProvincesController::getDideAll(), called in /var/www/metathesi/cake/libs/object.php on line 115 and defined in [APP/controllers/provinces_controller.php, line 19]
2009-08-21 11:43:47 Warning: Warning (2): Missing argument 1 for ProvincesController::show(), called in /var/www/metathesi/cake/libs/object.php on line 115 and defined in [APP/controllers/provinces_controller.php, line 32]
2009-08-21 11:43:47 Warning: Warning (2): Missing argument 1 for AAreasController::getFromDipeId(), called in /var/www/metathesi/cake/libs/object.php on line 115 and defined in [APP/controllers/a_areas_controller.php, line 17]
2009-08-21 11:43:47 Warning: Warning (2): Missing argument 1 for ASchoolsController::getFromDipeId(), called in /var/www/metathesi/cake/libs/object.php on line 115 and defined in [APP/controllers/a_schools_controller.php, line 31]
2009-08-21 11:43:47 Warning: Warning (2): Missing argument 1 for BAreasController::getFromDideId(), called in /var/www/metathesi/cake/libs/object.php on line 115 and defined in [APP/controllers/b_areas_controller.php, line 53]
2009-08-21 11:43:47 Warning: Warning (2): Missing argument 1 for BSchoolsController::getFromDideId(), called in /var/www/metathesi/cake/libs/object.php on line 115 and defined in [APP/controllers/b_schools_controller.php, line 40]
2009-08-21 11:43:47 Warning: Warning (2): Missing argument 1 for RegionsController::getRegionFromId(), called in /var/www/metathesi/cake/libs/object.php on line 115 and defined in [APP/controllers/regions_controller.php, line 11]
2009-08-21 11:44:15 Warning: Warning (2): Missing argument 1 for ProvincesController::show(), called in /var/www/metathesi/cake/libs/object.php on line 115 and defined in [APP/controllers/provinces_controller.php, line 32]
2009-08-21 11:47:36 Warning: Warning (2): Missing argument 1 for ProvincesController::show(), called in /var/www/metathesi/cake/libs/object.php on line 115 and defined in [APP/controllers/provinces_controller.php, line 32]
2009-08-21 11:47:36 Warning: Warning (2): Cannot modify header information - headers already sent by (output started at /var/www/metathesi/app/controllers/provinces_controller.php:75) in [CORE/cake/libs/controller/controller.php, line 615]
2009-08-21 11:48:04 Warning: Warning (2): Missing argument 1 for ProvincesController::show(), called in /var/www/metathesi/cake/libs/object.php on line 115 and defined in [APP/controllers/provinces_controller.php, line 33]
2009-08-21 11:48:04 Warning: Warning (2): Cannot modify header information - headers already sent by (output started at /var/www/metathesi/app/controllers/provinces_controller.php:76) in [CORE/cake/libs/controller/controller.php, line 615]
2009-08-21 11:48:24 Warning: Warning (2): Missing argument 1 for ProvincesController::show(), called in /var/www/metathesi/cake/libs/object.php on line 115 and defined in [APP/controllers/provinces_controller.php, line 33]
2009-08-21 11:48:24 Warning: Warning (2): Cannot modify header information - headers already sent by (output started at /var/www/metathesi/cake/basics.php:111) in [CORE/cake/libs/controller/controller.php, line 615]
2009-08-21 11:49:20 Warning: Warning (2): Missing argument 1 for ProvincesController::show(), called in /var/www/metathesi/cake/libs/object.php on line 115 and defined in [APP/controllers/provinces_controller.php, line 33]
2009-08-21 11:49:20 Warning: Warning (2): Cannot modify header information - headers already sent by (output started at /var/www/metathesi/cake/basics.php:111) in [CORE/cake/libs/controller/controller.php, line 615]
2009-08-21 11:50:54 Warning: Warning (2): Missing argument 1 for ProvincesController::show(), called in /var/www/metathesi/cake/libs/object.php on line 115 and defined in [APP/controllers/provinces_controller.php, line 33]
2009-08-21 11:50:54 Warning: Warning (2): Cannot modify header information - headers already sent by (output started at /var/www/metathesi/cake/basics.php:111) in [CORE/cake/libs/controller/controller.php, line 615]
2009-08-21 11:52:38 Warning: Warning (2): Missing argument 1 for ProvincesController::show(), called in /var/www/metathesi/cake/libs/object.php on line 115 and defined in [APP/controllers/provinces_controller.php, line 33]
2009-08-21 11:52:38 Warning: Warning (2): Cannot modify header information - headers already sent by (output started at /var/www/metathesi/cake/basics.php:111) in [APP/controllers/provinces_controller.php, line 36]
2009-08-21 11:52:38 Warning: Warning (2): Missing argument 1 for AAreasController::getFromDipeId(), called in /var/www/metathesi/cake/libs/object.php on line 115 and defined in [APP/controllers/a_areas_controller.php, line 17]
2009-08-21 11:52:38 Warning: Warning (2): Missing argument 1 for ASchoolsController::getFromDipeId(), called in /var/www/metathesi/cake/libs/object.php on line 115 and defined in [APP/controllers/a_schools_controller.php, line 31]
2009-08-21 11:52:38 Warning: Warning (2): Missing argument 1 for BAreasController::getFromDideId(), called in /var/www/metathesi/cake/libs/object.php on line 115 and defined in [APP/controllers/b_areas_controller.php, line 53]
2009-08-21 11:52:38 Warning: Warning (2): Missing argument 1 for BSchoolsController::getFromDideId(), called in /var/www/metathesi/cake/libs/object.php on line 115 and defined in [APP/controllers/b_schools_controller.php, line 40]
2009-08-21 11:52:38 Warning: Warning (2): Missing argument 1 for RegionsController::getRegionFromId(), called in /var/www/metathesi/cake/libs/object.php on line 115 and defined in [APP/controllers/regions_controller.php, line 11]
2009-08-21 11:52:43 Warning: Warning (2): Missing argument 1 for ProvincesController::show(), called in /var/www/metathesi/cake/libs/object.php on line 115 and defined in [APP/controllers/provinces_controller.php, line 33]
2009-08-21 11:52:43 Warning: Warning (2): Cannot modify header information - headers already sent by (output started at /var/www/metathesi/cake/basics.php:111) in [APP/controllers/provinces_controller.php, line 36]
2009-08-21 11:52:43 Warning: Warning (2): Missing argument 1 for AAreasController::getFromDipeId(), called in /var/www/metathesi/cake/libs/object.php on line 115 and defined in [APP/controllers/a_areas_controller.php, line 17]
2009-08-21 11:52:43 Warning: Warning (2): Missing argument 1 for ASchoolsController::getFromDipeId(), called in /var/www/metathesi/cake/libs/object.php on line 115 and defined in [APP/controllers/a_schools_controller.php, line 31]
2009-08-21 11:52:43 Warning: Warning (2): Missing argument 1 for BAreasController::getFromDideId(), called in /var/www/metathesi/cake/libs/object.php on line 115 and defined in [APP/controllers/b_areas_controller.php, line 53]
2009-08-21 11:52:43 Warning: Warning (2): Missing argument 1 for BSchoolsController::getFromDideId(), called in /var/www/metathesi/cake/libs/object.php on line 115 and defined in [APP/controllers/b_schools_controller.php, line 40]
2009-08-21 11:52:43 Warning: Warning (2): Missing argument 1 for RegionsController::getRegionFromId(), called in /var/www/metathesi/cake/libs/object.php on line 115 and defined in [APP/controllers/regions_controller.php, line 11]
2009-08-21 11:52:56 Warning: Warning (2): Missing argument 1 for ProvincesController::show(), called in /var/www/metathesi/cake/libs/object.php on line 115 and defined in [APP/controllers/provinces_controller.php, line 33]
2009-08-21 11:52:56 Warning: Warning (2): Cannot modify header information - headers already sent by (output started at /var/www/metathesi/cake/basics.php:111) in [APP/controllers/provinces_controller.php, line 36]
2009-08-21 11:52:57 Warning: Warning (2): Missing argument 1 for AAreasController::getFromDipeId(), called in /var/www/metathesi/cake/libs/object.php on line 115 and defined in [APP/controllers/a_areas_controller.php, line 17]
2009-08-21 11:52:57 Warning: Warning (2): Missing argument 1 for ASchoolsController::getFromDipeId(), called in /var/www/metathesi/cake/libs/object.php on line 115 and defined in [APP/controllers/a_schools_controller.php, line 31]
2009-08-21 11:52:57 Warning: Warning (2): Missing argument 1 for BAreasController::getFromDideId(), called in /var/www/metathesi/cake/libs/object.php on line 115 and defined in [APP/controllers/b_areas_controller.php, line 53]
2009-08-21 11:52:57 Warning: Warning (2): Missing argument 1 for BSchoolsController::getFromDideId(), called in /var/www/metathesi/cake/libs/object.php on line 115 and defined in [APP/controllers/b_schools_controller.php, line 40]
2009-08-21 11:52:57 Warning: Warning (2): Missing argument 1 for RegionsController::getRegionFromId(), called in /var/www/metathesi/cake/libs/object.php on line 115 and defined in [APP/controllers/regions_controller.php, line 11]
2009-08-21 11:53:07 Warning: Warning (2): Missing argument 1 for ProvincesController::show(), called in /var/www/metathesi/cake/libs/object.php on line 115 and defined in [APP/controllers/provinces_controller.php, line 33]
2009-08-21 11:53:07 Warning: Warning (2): Cannot modify header information - headers already sent by (output started at /var/www/metathesi/cake/basics.php:111) in [CORE/cake/libs/controller/controller.php, line 615]
2009-08-21 11:53:35 Warning: Warning (2): Missing argument 1 for ProvincesController::show(), called in /var/www/metathesi/cake/libs/object.php on line 115 and defined in [APP/controllers/provinces_controller.php, line 33]
2009-08-21 11:53:35 Warning: Warning (2): Cannot modify header information - headers already sent by (output started at /var/www/metathesi/cake/basics.php:111) in [CORE/cake/libs/controller/controller.php, line 615]
2009-08-21 11:53:36 Warning: Warning (2): Missing argument 1 for ProvincesController::show(), called in /var/www/metathesi/cake/libs/object.php on line 115 and defined in [APP/controllers/provinces_controller.php, line 33]
2009-08-21 11:53:36 Warning: Warning (2): Cannot modify header information - headers already sent by (output started at /var/www/metathesi/cake/basics.php:111) in [CORE/cake/libs/controller/controller.php, line 615]
2009-08-21 11:53:38 Warning: Warning (2): Missing argument 1 for ProvincesController::show(), called in /var/www/metathesi/cake/libs/object.php on line 115 and defined in [APP/controllers/provinces_controller.php, line 33]
2009-08-21 11:53:38 Warning: Warning (2): Cannot modify header information - headers already sent by (output started at /var/www/metathesi/cake/basics.php:111) in [CORE/cake/libs/controller/controller.php, line 615]
2009-08-21 11:56:49 Warning: Warning (2): Missing argument 1 for ProvincesController::show(), called in /var/www/metathesi/cake/libs/object.php on line 115 and defined in [APP/controllers/provinces_controller.php, line 33]
2009-08-21 11:56:49 Warning: Warning (2): Missing argument 1 for AAreasController::getFromDipeId(), called in /var/www/metathesi/cake/libs/object.php on line 115 and defined in [APP/controllers/a_areas_controller.php, line 17]
2009-08-21 11:56:49 Warning: Warning (2): Missing argument 1 for ASchoolsController::getFromDipeId(), called in /var/www/metathesi/cake/libs/object.php on line 115 and defined in [APP/controllers/a_schools_controller.php, line 31]
2009-08-21 11:56:49 Warning: Warning (2): Missing argument 1 for BAreasController::getFromDideId(), called in /var/www/metathesi/cake/libs/object.php on line 115 and defined in [APP/controllers/b_areas_controller.php, line 53]
2009-08-21 11:56:49 Warning: Warning (2): Missing argument 1 for BSchoolsController::getFromDideId(), called in /var/www/metathesi/cake/libs/object.php on line 115 and defined in [APP/controllers/b_schools_controller.php, line 40]
2009-08-21 11:56:49 Warning: Warning (2): Missing argument 1 for RegionsController::getRegionFromId(), called in /var/www/metathesi/cake/libs/object.php on line 115 and defined in [APP/controllers/regions_controller.php, line 11]
2009-08-21 11:56:49 Warning: Warning (2): Missing argument 1 for ProvincesController::show(), called in /var/www/metathesi/cake/libs/object.php on line 115 and defined in [APP/controllers/provinces_controller.php, line 33]
2009-08-21 11:56:49 Warning: Warning (2): Missing argument 1 for AAreasController::getFromDipeId(), called in /var/www/metathesi/cake/libs/object.php on line 115 and defined in [APP/controllers/a_areas_controller.php, line 17]
2009-08-21 11:56:49 Warning: Warning (2): Missing argument 1 for ASchoolsController::getFromDipeId(), called in /var/www/metathesi/cake/libs/object.php on line 115 and defined in [APP/controllers/a_schools_controller.php, line 31]
2009-08-21 11:56:49 Warning: Warning (2): Missing argument 1 for BAreasController::getFromDideId(), called in /var/www/metathesi/cake/libs/object.php on line 115 and defined in [APP/controllers/b_areas_controller.php, line 53]
2009-08-21 11:56:49 Warning: Warning (2): Missing argument 1 for BSchoolsController::getFromDideId(), called in /var/www/metathesi/cake/libs/object.php on line 115 and defined in [APP/controllers/b_schools_controller.php, line 40]
2009-08-21 11:56:49 Warning: Warning (2): Missing argument 1 for RegionsController::getRegionFromId(), called in /var/www/metathesi/cake/libs/object.php on line 115 and defined in [APP/controllers/regions_controller.php, line 11]
2009-08-21 11:57:42 Warning: Warning (2): Missing argument 1 for AAreasController::getFromDipeId(), called in /var/www/metathesi/cake/libs/object.php on line 115 and defined in [APP/controllers/a_areas_controller.php, line 17]
2009-08-21 11:57:42 Warning: Warning (2): Missing argument 1 for ASchoolsController::getFromDipeId(), called in /var/www/metathesi/cake/libs/object.php on line 115 and defined in [APP/controllers/a_schools_controller.php, line 31]
2009-08-21 11:57:42 Warning: Warning (2): Missing argument 1 for BAreasController::getFromDideId(), called in /var/www/metathesi/cake/libs/object.php on line 115 and defined in [APP/controllers/b_areas_controller.php, line 53]
2009-08-21 11:57:42 Warning: Warning (2): Missing argument 1 for BSchoolsController::getFromDideId(), called in /var/www/metathesi/cake/libs/object.php on line 115 and defined in [APP/controllers/b_schools_controller.php, line 40]
2009-08-21 11:57:42 Warning: Warning (2): Missing argument 1 for RegionsController::getRegionFromId(), called in /var/www/metathesi/cake/libs/object.php on line 115 and defined in [APP/controllers/regions_controller.php, line 11]
2009-08-21 11:57:42 Warning: Warning (2): Missing argument 1 for AAreasController::getFromDipeId(), called in /var/www/metathesi/cake/libs/object.php on line 115 and defined in [APP/controllers/a_areas_controller.php, line 17]
2009-08-21 11:57:42 Warning: Warning (2): Missing argument 1 for ASchoolsController::getFromDipeId(), called in /var/www/metathesi/cake/libs/object.php on line 115 and defined in [APP/controllers/a_schools_controller.php, line 31]
2009-08-21 11:57:42 Warning: Warning (2): Missing argument 1 for BAreasController::getFromDideId(), called in /var/www/metathesi/cake/libs/object.php on line 115 and defined in [APP/controllers/b_areas_controller.php, line 53]
2009-08-21 11:57:42 Warning: Warning (2): Missing argument 1 for BSchoolsController::getFromDideId(), called in /var/www/metathesi/cake/libs/object.php on line 115 and defined in [APP/controllers/b_schools_controller.php, line 40]
2009-08-21 11:57:42 Warning: Warning (2): Missing argument 1 for RegionsController::getRegionFromId(), called in /var/www/metathesi/cake/libs/object.php on line 115 and defined in [APP/controllers/regions_controller.php, line 11]
2009-08-21 11:58:17 Warning: Warning (2): Missing argument 1 for AAreasController::getFromDipeId(), called in /var/www/metathesi/cake/libs/object.php on line 115 and defined in [APP/controllers/a_areas_controller.php, line 17]
2009-08-21 11:58:17 Warning: Warning (2): Missing argument 1 for ASchoolsController::getFromDipeId(), called in /var/www/metathesi/cake/libs/object.php on line 115 and defined in [APP/controllers/a_schools_controller.php, line 31]
2009-08-21 11:58:17 Warning: Warning (2): Missing argument 1 for BAreasController::getFromDideId(), called in /var/www/metathesi/cake/libs/object.php on line 115 and defined in [APP/controllers/b_areas_controller.php, line 53]
2009-08-21 11:58:17 Warning: Warning (2): Missing argument 1 for BSchoolsController::getFromDideId(), called in /var/www/metathesi/cake/libs/object.php on line 115 and defined in [APP/controllers/b_schools_controller.php, line 40]
2009-08-21 11:58:17 Warning: Warning (2): Missing argument 1 for RegionsController::getRegionFromId(), called in /var/www/metathesi/cake/libs/object.php on line 115 and defined in [APP/controllers/regions_controller.php, line 11]
2009-08-21 11:58:17 Warning: Warning (2): Missing argument 1 for AAreasController::getFromDipeId(), called in /var/www/metathesi/cake/libs/object.php on line 115 and defined in [APP/controllers/a_areas_controller.php, line 17]
2009-08-21 11:58:17 Warning: Warning (2): Missing argument 1 for ASchoolsController::getFromDipeId(), called in /var/www/metathesi/cake/libs/object.php on line 115 and defined in [APP/controllers/a_schools_controller.php, line 31]
2009-08-21 11:58:17 Warning: Warning (2): Missing argument 1 for BAreasController::getFromDideId(), called in /var/www/metathesi/cake/libs/object.php on line 115 and defined in [APP/controllers/b_areas_controller.php, line 53]
2009-08-21 11:58:17 Warning: Warning (2): Missing argument 1 for BSchoolsController::getFromDideId(), called in /var/www/metathesi/cake/libs/object.php on line 115 and defined in [APP/controllers/b_schools_controller.php, line 40]
2009-08-21 11:58:17 Warning: Warning (2): Missing argument 1 for RegionsController::getRegionFromId(), called in /var/www/metathesi/cake/libs/object.php on line 115 and defined in [APP/controllers/regions_controller.php, line 11]
2009-08-21 12:01:33 Warning: Warning (2): Missing argument 1 for AAreasController::getFromDipeId(), called in /var/www/metathesi/cake/libs/object.php on line 115 and defined in [APP/controllers/a_areas_controller.php, line 17]
2009-08-21 12:01:33 Warning: Warning (2): Missing argument 1 for ASchoolsController::getFromDipeId(), called in /var/www/metathesi/cake/libs/object.php on line 115 and defined in [APP/controllers/a_schools_controller.php, line 31]
2009-08-21 12:01:33 Warning: Warning (2): Missing argument 1 for BAreasController::getFromDideId(), called in /var/www/metathesi/cake/libs/object.php on line 115 and defined in [APP/controllers/b_areas_controller.php, line 53]
2009-08-21 12:01:33 Warning: Warning (2): Missing argument 1 for BSchoolsController::getFromDideId(), called in /var/www/metathesi/cake/libs/object.php on line 115 and defined in [APP/controllers/b_schools_controller.php, line 40]
2009-08-21 12:01:33 Warning: Warning (2): Missing argument 1 for RegionsController::getRegionFromId(), called in /var/www/metathesi/cake/libs/object.php on line 115 and defined in [APP/controllers/regions_controller.php, line 11]
2009-08-21 12:01:33 Warning: Warning (2): Missing argument 1 for AAreasController::getFromDipeId(), called in /var/www/metathesi/cake/libs/object.php on line 115 and defined in [APP/controllers/a_areas_controller.php, line 17]
2009-08-21 12:01:33 Warning: Warning (2): Missing argument 1 for ASchoolsController::getFromDipeId(), called in /var/www/metathesi/cake/libs/object.php on line 115 and defined in [APP/controllers/a_schools_controller.php, line 31]
2009-08-21 12:01:33 Warning: Warning (2): Missing argument 1 for BAreasController::getFromDideId(), called in /var/www/metathesi/cake/libs/object.php on line 115 and defined in [APP/controllers/b_areas_controller.php, line 53]
2009-08-21 12:01:33 Warning: Warning (2): Missing argument 1 for BSchoolsController::getFromDideId(), called in /var/www/metathesi/cake/libs/object.php on line 115 and defined in [APP/controllers/b_schools_controller.php, line 40]
2009-08-21 12:01:33 Warning: Warning (2): Missing argument 1 for RegionsController::getRegionFromId(), called in /var/www/metathesi/cake/libs/object.php on line 115 and defined in [APP/controllers/regions_controller.php, line 11]
2009-08-21 12:01:36 Warning: Warning (2): Missing argument 1 for ProvincesController::show(), called in /var/www/metathesi/cake/libs/object.php on line 115 and defined in [APP/controllers/provinces_controller.php, line 33]
2009-08-21 12:01:36 Warning: Warning (2): Cannot modify header information - headers already sent by (output started at /var/www/metathesi/cake/basics.php:111) in [CORE/cake/libs/controller/controller.php, line 615]
2010-02-01 10:54:04 Warning: Warning (2): Cannot modify header information - headers already sent by (output started at /var/www/metathesi/app/controllers/components/mobile_detection.php:60) in [CORE/cake/libs/controller/controller.php, line 644]
2010-02-01 10:55:49 Warning: Warning (2): Cannot modify header information - headers already sent by (output started at /var/www/metathesi/app/controllers/components/mobile_detection.php:60) in [CORE/cake/libs/controller/controller.php, line 644]
2010-02-01 10:57:17 Warning: Warning (2): Cannot modify header information - headers already sent by (output started at /var/www/metathesi/app/controllers/regions_controller.php:19) in [APP/views/layouts/wapl/default.ctp, line 23]
2010-02-01 10:57:58 Warning: Warning (2): Cannot modify header information - headers already sent by (output started at /var/www/metathesi/app/controllers/regions_controller.php:19) in [APP/views/layouts/wapl/default.ctp, line 23]
